/root/yahboomcar_ws/src/install/yahboom_laser/lib/python3.10/site-packages/yahboom_laser/laser_Patrol_xgo_RS200.py
/root/yahboomcar_ws/src/install/yahboom_laser/lib/python3.10/site-packages/yahboom_laser/laser_Tracker_4ROS.py
/root/yahboomcar_ws/src/install/yahboom_laser/lib/python3.10/site-packages/yahboom_laser/laser_Avoidance_4ROS_R2.py
/root/yahboomcar_ws/src/install/yahboom_laser/lib/python3.10/site-packages/yahboom_laser/laser_Tracker_a1_R2.py
/root/yahboomcar_ws/src/install/yahboom_laser/lib/python3.10/site-packages/yahboom_laser/laser_Tracker_4ROS_R2.py
/root/yahboomcar_ws/src/install/yahboom_laser/lib/python3.10/site-packages/yahboom_laser/laser_Avoidance_4ROS.py
/root/yahboomcar_ws/src/install/yahboom_laser/lib/python3.10/site-packages/yahboom_laser/laser_Tracker_xgo_RS200.py
/root/yahboomcar_ws/src/install/yahboom_laser/lib/python3.10/site-packages/yahboom_laser/laser_Avoidance_a1_R2.py
/root/yahboomcar_ws/src/install/yahboom_laser/lib/python3.10/site-packages/yahboom_laser/common.py
/root/yahboomcar_ws/src/install/yahboom_laser/lib/python3.10/site-packages/yahboom_laser/laser_Tracker_a1_X3.py
/root/yahboomcar_ws/src/install/yahboom_laser/lib/python3.10/site-packages/yahboom_laser/laser_Warning_xgo_RS200.py
/root/yahboomcar_ws/src/install/yahboom_laser/lib/python3.10/site-packages/yahboom_laser/laser_Avoidance_a1_X3.py
/root/yahboomcar_ws/src/install/yahboom_laser/lib/python3.10/site-packages/yahboom_laser/__init__.py
/root/yahboomcar_ws/src/install/yahboom_laser/lib/python3.10/site-packages/yahboom_laser/laser_Avoidance_xgo_RS200.py
/root/yahboomcar_ws/src/install/yahboom_laser/lib/python3.10/site-packages/yahboom_laser/laser_Warning_a1_X3.py
/root/yahboomcar_ws/src/install/yahboom_laser/lib/python3.10/site-packages/yahboom_laser/__pycache__/laser_Patrol_xgo_RS200.cpython-310.pyc
/root/yahboomcar_ws/src/install/yahboom_laser/lib/python3.10/site-packages/yahboom_laser/__pycache__/laser_Tracker_4ROS.cpython-310.pyc
/root/yahboomcar_ws/src/install/yahboom_laser/lib/python3.10/site-packages/yahboom_laser/__pycache__/laser_Avoidance_4ROS_R2.cpython-310.pyc
/root/yahboomcar_ws/src/install/yahboom_laser/lib/python3.10/site-packages/yahboom_laser/__pycache__/laser_Tracker_a1_R2.cpython-310.pyc
/root/yahboomcar_ws/src/install/yahboom_laser/lib/python3.10/site-packages/yahboom_laser/__pycache__/laser_Tracker_4ROS_R2.cpython-310.pyc
/root/yahboomcar_ws/src/install/yahboom_laser/lib/python3.10/site-packages/yahboom_laser/__pycache__/laser_Avoidance_4ROS.cpython-310.pyc
/root/yahboomcar_ws/src/install/yahboom_laser/lib/python3.10/site-packages/yahboom_laser/__pycache__/laser_Tracker_xgo_RS200.cpython-310.pyc
/root/yahboomcar_ws/src/install/yahboom_laser/lib/python3.10/site-packages/yahboom_laser/__pycache__/laser_Avoidance_a1_R2.cpython-310.pyc
/root/yahboomcar_ws/src/install/yahboom_laser/lib/python3.10/site-packages/yahboom_laser/__pycache__/common.cpython-310.pyc
/root/yahboomcar_ws/src/install/yahboom_laser/lib/python3.10/site-packages/yahboom_laser/__pycache__/laser_Tracker_a1_X3.cpython-310.pyc
/root/yahboomcar_ws/src/install/yahboom_laser/lib/python3.10/site-packages/yahboom_laser/__pycache__/laser_Warning_xgo_RS200.cpython-310.pyc
/root/yahboomcar_ws/src/install/yahboom_laser/lib/python3.10/site-packages/yahboom_laser/__pycache__/laser_Avoidance_a1_X3.cpython-310.pyc
/root/yahboomcar_ws/src/install/yahboom_laser/lib/python3.10/site-packages/yahboom_laser/__pycache__/__init__.cpython-310.pyc
/root/yahboomcar_ws/src/install/yahboom_laser/lib/python3.10/site-packages/yahboom_laser/__pycache__/laser_Avoidance_xgo_RS200.cpython-310.pyc
/root/yahboomcar_ws/src/install/yahboom_laser/lib/python3.10/site-packages/yahboom_laser/__pycache__/laser_Warning_a1_X3.cpython-310.pyc
/root/yahboomcar_ws/src/install/yahboom_laser/share/ament_index/resource_index/packages/yahboom_laser
/root/yahboomcar_ws/src/install/yahboom_laser/share/yahboom_laser/package.xml
/root/yahboomcar_ws/src/install/yahboom_laser/share/yahboom_laser/launch
/root/yahboomcar_ws/src/install/yahboom_laser/lib/python3.10/site-packages/yahboom_laser-0.0.0-py3.10.egg-info/entry_points.txt
/root/yahboomcar_ws/src/install/yahboom_laser/lib/python3.10/site-packages/yahboom_laser-0.0.0-py3.10.egg-info/zip-safe
/root/yahboomcar_ws/src/install/yahboom_laser/lib/python3.10/site-packages/yahboom_laser-0.0.0-py3.10.egg-info/top_level.txt
/root/yahboomcar_ws/src/install/yahboom_laser/lib/python3.10/site-packages/yahboom_laser-0.0.0-py3.10.egg-info/requires.txt
/root/yahboomcar_ws/src/install/yahboom_laser/lib/python3.10/site-packages/yahboom_laser-0.0.0-py3.10.egg-info/PKG-INFO
/root/yahboomcar_ws/src/install/yahboom_laser/lib/python3.10/site-packages/yahboom_laser-0.0.0-py3.10.egg-info/dependency_links.txt
/root/yahboomcar_ws/src/install/yahboom_laser/lib/python3.10/site-packages/yahboom_laser-0.0.0-py3.10.egg-info/SOURCES.txt
/root/yahboomcar_ws/src/install/yahboom_laser/lib/yahboom_laser/laser_Avoidance_4ROS_R2
/root/yahboomcar_ws/src/install/yahboom_laser/lib/yahboom_laser/laser_Avoidance_a1_R2
/root/yahboomcar_ws/src/install/yahboom_laser/lib/yahboom_laser/laser_Avoidance_a1_X3
/root/yahboomcar_ws/src/install/yahboom_laser/lib/yahboom_laser/laser_Avoidance_xgo_RS200
/root/yahboomcar_ws/src/install/yahboom_laser/lib/yahboom_laser/laser_Patrol_RS200
/root/yahboomcar_ws/src/install/yahboom_laser/lib/yahboom_laser/laser_Tracke_RS200
/root/yahboomcar_ws/src/install/yahboom_laser/lib/yahboom_laser/laser_Tracker_4ROS_R2
/root/yahboomcar_ws/src/install/yahboom_laser/lib/yahboom_laser/laser_Tracker_a1_R2
/root/yahboomcar_ws/src/install/yahboom_laser/lib/yahboom_laser/laser_Tracker_a1_X3
/root/yahboomcar_ws/src/install/yahboom_laser/lib/yahboom_laser/laser_Warning_RS200
/root/yahboomcar_ws/src/install/yahboom_laser/lib/yahboom_laser/laser_Warning_a1_X3
