/root/yahboomcar_ws/src/install/voice_xgo_ctrl_run/lib/python3.10/site-packages/voice_xgo_ctrl_run/follow_common.py
/root/yahboomcar_ws/src/install/voice_xgo_ctrl_run/lib/python3.10/site-packages/voice_xgo_ctrl_run/line_common_bak.py
/root/yahboomcar_ws/src/install/voice_xgo_ctrl_run/lib/python3.10/site-packages/voice_xgo_ctrl_run/follow_line_bak.py
/root/yahboomcar_ws/src/install/voice_xgo_ctrl_run/lib/python3.10/site-packages/voice_xgo_ctrl_run/crossing_bak.py
/root/yahboomcar_ws/src/install/voice_xgo_ctrl_run/lib/python3.10/site-packages/voice_xgo_ctrl_run/voice_xgo_ctrl_mutl_goal_identify.py
/root/yahboomcar_ws/src/install/voice_xgo_ctrl_run/lib/python3.10/site-packages/voice_xgo_ctrl_run/voice_xgo_follow_line.py
/root/yahboomcar_ws/src/install/voice_xgo_ctrl_run/lib/python3.10/site-packages/voice_xgo_ctrl_run/crossing.py
/root/yahboomcar_ws/src/install/voice_xgo_ctrl_run/lib/python3.10/site-packages/voice_xgo_ctrl_run/voice_ctrl_colorhsv.py
/root/yahboomcar_ws/src/install/voice_xgo_ctrl_run/lib/python3.10/site-packages/voice_xgo_ctrl_run/voice_xgo_ctrl_action.py
/root/yahboomcar_ws/src/install/voice_xgo_ctrl_run/lib/python3.10/site-packages/voice_xgo_ctrl_run/voice_xgo_ctrl_mutl_goal.py
/root/yahboomcar_ws/src/install/voice_xgo_ctrl_run/lib/python3.10/site-packages/voice_xgo_ctrl_run/line_common.py
/root/yahboomcar_ws/src/install/voice_xgo_ctrl_run/lib/python3.10/site-packages/voice_xgo_ctrl_run/voice_xgo_cmd_re.py
/root/yahboomcar_ws/src/install/voice_xgo_ctrl_run/lib/python3.10/site-packages/voice_xgo_ctrl_run/voice_xgo_ctrl_run.py
/root/yahboomcar_ws/src/install/voice_xgo_ctrl_run/lib/python3.10/site-packages/voice_xgo_ctrl_run/__init__.py
/root/yahboomcar_ws/src/install/voice_xgo_ctrl_run/lib/python3.10/site-packages/voice_xgo_ctrl_run/colorHSV.py
/root/yahboomcar_ws/src/install/voice_xgo_ctrl_run/lib/python3.10/site-packages/voice_xgo_ctrl_run/follow_line.py
/root/yahboomcar_ws/src/install/voice_xgo_ctrl_run/lib/python3.10/site-packages/voice_xgo_ctrl_run/voice_xgo_ctrl_color_identify.py
/root/yahboomcar_ws/src/install/voice_xgo_ctrl_run/lib/python3.10/site-packages/voice_xgo_ctrl_run/__pycache__/follow_common.cpython-310.pyc
/root/yahboomcar_ws/src/install/voice_xgo_ctrl_run/lib/python3.10/site-packages/voice_xgo_ctrl_run/__pycache__/line_common_bak.cpython-310.pyc
/root/yahboomcar_ws/src/install/voice_xgo_ctrl_run/lib/python3.10/site-packages/voice_xgo_ctrl_run/__pycache__/follow_line_bak.cpython-310.pyc
/root/yahboomcar_ws/src/install/voice_xgo_ctrl_run/lib/python3.10/site-packages/voice_xgo_ctrl_run/__pycache__/crossing_bak.cpython-310.pyc
/root/yahboomcar_ws/src/install/voice_xgo_ctrl_run/lib/python3.10/site-packages/voice_xgo_ctrl_run/__pycache__/voice_xgo_ctrl_mutl_goal_identify.cpython-310.pyc
/root/yahboomcar_ws/src/install/voice_xgo_ctrl_run/lib/python3.10/site-packages/voice_xgo_ctrl_run/__pycache__/voice_xgo_follow_line.cpython-310.pyc
/root/yahboomcar_ws/src/install/voice_xgo_ctrl_run/lib/python3.10/site-packages/voice_xgo_ctrl_run/__pycache__/crossing.cpython-310.pyc
/root/yahboomcar_ws/src/install/voice_xgo_ctrl_run/lib/python3.10/site-packages/voice_xgo_ctrl_run/__pycache__/voice_ctrl_colorhsv.cpython-310.pyc
/root/yahboomcar_ws/src/install/voice_xgo_ctrl_run/lib/python3.10/site-packages/voice_xgo_ctrl_run/__pycache__/voice_xgo_ctrl_action.cpython-310.pyc
/root/yahboomcar_ws/src/install/voice_xgo_ctrl_run/lib/python3.10/site-packages/voice_xgo_ctrl_run/__pycache__/voice_xgo_ctrl_mutl_goal.cpython-310.pyc
/root/yahboomcar_ws/src/install/voice_xgo_ctrl_run/lib/python3.10/site-packages/voice_xgo_ctrl_run/__pycache__/line_common.cpython-310.pyc
/root/yahboomcar_ws/src/install/voice_xgo_ctrl_run/lib/python3.10/site-packages/voice_xgo_ctrl_run/__pycache__/voice_xgo_cmd_re.cpython-310.pyc
/root/yahboomcar_ws/src/install/voice_xgo_ctrl_run/lib/python3.10/site-packages/voice_xgo_ctrl_run/__pycache__/voice_xgo_ctrl_run.cpython-310.pyc
/root/yahboomcar_ws/src/install/voice_xgo_ctrl_run/lib/python3.10/site-packages/voice_xgo_ctrl_run/__pycache__/__init__.cpython-310.pyc
/root/yahboomcar_ws/src/install/voice_xgo_ctrl_run/lib/python3.10/site-packages/voice_xgo_ctrl_run/__pycache__/colorHSV.cpython-310.pyc
/root/yahboomcar_ws/src/install/voice_xgo_ctrl_run/lib/python3.10/site-packages/voice_xgo_ctrl_run/__pycache__/follow_line.cpython-310.pyc
/root/yahboomcar_ws/src/install/voice_xgo_ctrl_run/lib/python3.10/site-packages/voice_xgo_ctrl_run/__pycache__/voice_xgo_ctrl_color_identify.cpython-310.pyc
/root/yahboomcar_ws/src/install/voice_xgo_ctrl_run/share/ament_index/resource_index/packages/voice_xgo_ctrl_run
/root/yahboomcar_ws/src/install/voice_xgo_ctrl_run/share/voice_xgo_ctrl_run/package.xml
/root/yahboomcar_ws/src/install/voice_xgo_ctrl_run/lib/python3.10/site-packages/voice_xgo_ctrl_run-0.0.0-py3.10.egg-info/entry_points.txt
/root/yahboomcar_ws/src/install/voice_xgo_ctrl_run/lib/python3.10/site-packages/voice_xgo_ctrl_run-0.0.0-py3.10.egg-info/zip-safe
/root/yahboomcar_ws/src/install/voice_xgo_ctrl_run/lib/python3.10/site-packages/voice_xgo_ctrl_run-0.0.0-py3.10.egg-info/top_level.txt
/root/yahboomcar_ws/src/install/voice_xgo_ctrl_run/lib/python3.10/site-packages/voice_xgo_ctrl_run-0.0.0-py3.10.egg-info/requires.txt
/root/yahboomcar_ws/src/install/voice_xgo_ctrl_run/lib/python3.10/site-packages/voice_xgo_ctrl_run-0.0.0-py3.10.egg-info/PKG-INFO
/root/yahboomcar_ws/src/install/voice_xgo_ctrl_run/lib/python3.10/site-packages/voice_xgo_ctrl_run-0.0.0-py3.10.egg-info/dependency_links.txt
/root/yahboomcar_ws/src/install/voice_xgo_ctrl_run/lib/python3.10/site-packages/voice_xgo_ctrl_run-0.0.0-py3.10.egg-info/SOURCES.txt
/root/yahboomcar_ws/src/install/voice_xgo_ctrl_run/lib/voice_xgo_ctrl_run/follow_line
/root/yahboomcar_ws/src/install/voice_xgo_ctrl_run/lib/voice_xgo_ctrl_run/voice_follow_line
/root/yahboomcar_ws/src/install/voice_xgo_ctrl_run/lib/voice_xgo_ctrl_run/voice_xgo_cmd_re
/root/yahboomcar_ws/src/install/voice_xgo_ctrl_run/lib/voice_xgo_ctrl_run/voice_xgo_ctrl_action
/root/yahboomcar_ws/src/install/voice_xgo_ctrl_run/lib/voice_xgo_ctrl_run/voice_xgo_ctrl_color_identify
/root/yahboomcar_ws/src/install/voice_xgo_ctrl_run/lib/voice_xgo_ctrl_run/voice_xgo_ctrl_mult_goal
/root/yahboomcar_ws/src/install/voice_xgo_ctrl_run/lib/voice_xgo_ctrl_run/voice_xgo_ctrl_mutl_goal_identify
/root/yahboomcar_ws/src/install/voice_xgo_ctrl_run/lib/voice_xgo_ctrl_run/voice_xgo_ctrl_run
