[0.037s] Invoking command in '/root/yahboomcar_ws/src/build/champ_msgs': CMAKE_PREFIX_PATH=${CMAKE_PREFIX_PATH}:/root/yahboomcar_ws/install/yahboom_laser:/root/yahboomcar_ws/install/yahboom_dog_joint_state:/root/yahboomcar_ws/install/yahboom_description:/root/yahboomcar_ws/install/yahboom_bringup:/root/yahboomcar_ws/install/yahboom_base:/root/yahboomcar_ws/install/yahboom_app_save_map:/root/yahboomcar_ws/install/voice_xgo_ctrl_run:/root/yahboomcar_ws/install/tf_publisher:/root/yahboomcar_ws/install/bringup:/opt/ros/humble /usr/bin/cmake /root/yahboomcar_ws/src/champ_msgs -DCMAKE_INSTALL_PREFIX=/root/yahboomcar_ws/src/install/champ_msgs
[0.154s] -- The C compiler identification is GNU 11.4.0
[0.258s] -- The CXX compiler identification is GNU 11.4.0
[0.270s] -- Detecting C compiler ABI info
[0.410s] -- Detecting C compiler ABI info - done
[0.427s] -- Check for working C compiler: /usr/bin/cc - skipped
[0.428s] -- Detecting C compile features
[0.428s] -- Detecting C compile features - done
[0.429s] -- Detecting CXX compiler ABI info
[0.585s] -- Detecting CXX compiler ABI info - done
[0.597s] -- Check for working CXX compiler: /usr/bin/c++ - skipped
[0.598s] -- Detecting CXX compile features
[0.599s] -- Detecting CXX compile features - done
[0.607s] -- Found ament_cmake: 1.3.8 (/opt/ros/humble/share/ament_cmake/cmake)
[1.061s] -- Found Python3: /usr/bin/python3 (found version "3.10.12") found components: Interpreter 
[1.363s] -- Found rosidl_default_generators: 1.2.0 (/opt/ros/humble/share/rosidl_default_generators/cmake)
[1.374s] -- Using all available rosidl_typesupport_c: rosidl_typesupport_fastrtps_c;rosidl_typesupport_introspection_c
[1.420s] -- Found rosidl_adapter: 3.1.5 (/opt/ros/humble/share/rosidl_adapter/cmake)
[1.542s] -- Using all available rosidl_typesupport_cpp: rosidl_typesupport_fastrtps_cpp;rosidl_typesupport_introspection_cpp
[1.646s] -- Found std_msgs: 4.2.3 (/opt/ros/humble/share/std_msgs/cmake)
[1.792s] -- Found geometry_msgs: 4.2.3 (/opt/ros/humble/share/geometry_msgs/cmake)
[2.740s] -- Found ament_cmake_ros: 0.10.0 (/opt/ros/humble/share/ament_cmake_ros/cmake)
[3.821s] -- Using all available rosidl_typesupport_c: rosidl_typesupport_fastrtps_c;rosidl_typesupport_introspection_c
[5.568s] -- Using all available rosidl_typesupport_cpp: rosidl_typesupport_fastrtps_cpp;rosidl_typesupport_introspection_cpp
[5.660s] -- Found PythonInterp: /usr/bin/python3 (found suitable version "3.10.12", minimum required is "3.6") 
[5.670s] -- Found python_cmake_module: 0.10.0 (/opt/ros/humble/share/python_cmake_module/cmake)
[5.776s] -- Found PythonLibs: /usr/lib/aarch64-linux-gnu/libpython3.10.so (found suitable version "3.10.12", minimum required is "3.5") 
[5.780s] -- Using PYTHON_EXECUTABLE: /usr/bin/python3
[5.780s] -- Using PYTHON_INCLUDE_DIRS: /usr/include/python3.10
[5.780s] -- Using PYTHON_LIBRARIES: /usr/lib/aarch64-linux-gnu/libpython3.10.so
[5.898s] -- Found PythonExtra: .so  
[6.164s] -- Found ament_lint_auto: 0.12.10 (/opt/ros/humble/share/ament_lint_auto/cmake)
[6.191s] -- Configuring done
[6.310s] -- Generating done
[6.392s] -- Build files have been written to: /root/yahboomcar_ws/src/build/champ_msgs
[6.432s] Invoked command in '/root/yahboomcar_ws/src/build/champ_msgs' returned '0': CMAKE_PREFIX_PATH=${CMAKE_PREFIX_PATH}:/root/yahboomcar_ws/install/yahboom_laser:/root/yahboomcar_ws/install/yahboom_dog_joint_state:/root/yahboomcar_ws/install/yahboom_description:/root/yahboomcar_ws/install/yahboom_bringup:/root/yahboomcar_ws/install/yahboom_base:/root/yahboomcar_ws/install/yahboom_app_save_map:/root/yahboomcar_ws/install/voice_xgo_ctrl_run:/root/yahboomcar_ws/install/tf_publisher:/root/yahboomcar_ws/install/bringup:/opt/ros/humble /usr/bin/cmake /root/yahboomcar_ws/src/champ_msgs -DCMAKE_INSTALL_PREFIX=/root/yahboomcar_ws/src/install/champ_msgs
[6.445s] Invoking command in '/root/yahboomcar_ws/src/build/champ_msgs': CMAKE_PREFIX_PATH=${CMAKE_PREFIX_PATH}:/root/yahboomcar_ws/install/yahboom_laser:/root/yahboomcar_ws/install/yahboom_dog_joint_state:/root/yahboomcar_ws/install/yahboom_description:/root/yahboomcar_ws/install/yahboom_bringup:/root/yahboomcar_ws/install/yahboom_base:/root/yahboomcar_ws/install/yahboom_app_save_map:/root/yahboomcar_ws/install/voice_xgo_ctrl_run:/root/yahboomcar_ws/install/tf_publisher:/root/yahboomcar_ws/install/bringup:/opt/ros/humble /usr/bin/cmake --build /root/yahboomcar_ws/src/build/champ_msgs -- -j4 -l4
[6.609s] [  1%] [34m[1mGenerating C code for ROS interfaces[0m
[6.636s] [  2%] [34m[1mGenerating C++ code for ROS interfaces[0m
[6.690s] [  2%] Built target ament_cmake_python_copy_champ_msgs
[8.764s] running egg_info
[8.795s] creating champ_msgs.egg-info
[8.795s] writing champ_msgs.egg-info/PKG-INFO
[8.795s] writing dependency_links to champ_msgs.egg-info/dependency_links.txt
[8.795s] writing top-level names to champ_msgs.egg-info/top_level.txt
[8.795s] writing manifest file 'champ_msgs.egg-info/SOURCES.txt'
[8.796s] reading manifest file 'champ_msgs.egg-info/SOURCES.txt'
[8.798s] writing manifest file 'champ_msgs.egg-info/SOURCES.txt'
[8.997s] [  2%] Built target ament_cmake_python_build_champ_msgs_egg
[10.980s] [  3%] [32mBuilding C object CMakeFiles/champ_msgs__rosidl_generator_c.dir/rosidl_generator_c/champ_msgs/msg/detail/velocities__functions.c.o[0m
[10.999s] [  4%] [32mBuilding C object CMakeFiles/champ_msgs__rosidl_generator_c.dir/rosidl_generator_c/champ_msgs/msg/detail/pid__functions.c.o[0m
[11.100s] [  5%] [32mBuilding C object CMakeFiles/champ_msgs__rosidl_generator_c.dir/rosidl_generator_c/champ_msgs/msg/detail/imu__functions.c.o[0m
[11.169s] [  5%] Built target champ_msgs__cpp
[11.196s] [  6%] [32mBuilding C object CMakeFiles/champ_msgs__rosidl_generator_c.dir/rosidl_generator_c/champ_msgs/msg/detail/point__functions.c.o[0m
[11.205s] [  7%] [32mBuilding C object CMakeFiles/champ_msgs__rosidl_generator_c.dir/rosidl_generator_c/champ_msgs/msg/detail/point_array__functions.c.o[0m
[11.209s] [  8%] [32mBuilding C object CMakeFiles/champ_msgs__rosidl_generator_c.dir/rosidl_generator_c/champ_msgs/msg/detail/joints__functions.c.o[0m
[11.360s] [  9%] [32mBuilding C object CMakeFiles/champ_msgs__rosidl_generator_c.dir/rosidl_generator_c/champ_msgs/msg/detail/contacts__functions.c.o[0m
[11.403s] [ 10%] [34m[1mGenerating C++ type support dispatch for ROS interfaces[0m
[11.435s] [ 11%] [32mBuilding C object CMakeFiles/champ_msgs__rosidl_generator_c.dir/rosidl_generator_c/champ_msgs/msg/detail/contacts_stamped__functions.c.o[0m
[11.478s] [ 12%] [32mBuilding C object CMakeFiles/champ_msgs__rosidl_generator_c.dir/rosidl_generator_c/champ_msgs/msg/detail/pose__functions.c.o[0m
[11.613s] [ 13%] [34m[1mGenerating C++ type support for eProsima Fast-RTPS[0m
[11.668s] [ 14%] [34m[1mGenerating C++ introspection for ROS interfaces[0m
[11.732s] [ 15%] [32m[1mLinking C shared library libchamp_msgs__rosidl_generator_c.so[0m
[11.918s] [ 15%] Built target champ_msgs__rosidl_generator_c
[11.970s] [ 16%] [34m[1mGenerating C type support for eProsima Fast-RTPS[0m
[13.416s] [ 17%] [32mBuilding CXX object CMakeFiles/champ_msgs__rosidl_typesupport_cpp.dir/rosidl_typesupport_cpp/champ_msgs/msg/velocities__type_support.cpp.o[0m
[14.849s] [ 18%] [32mBuilding CXX object CMakeFiles/champ_msgs__rosidl_typesupport_cpp.dir/rosidl_typesupport_cpp/champ_msgs/msg/pid__type_support.cpp.o[0m
[14.886s] [ 20%] [32mBuilding CXX object CMakeFiles/champ_msgs__rosidl_typesupport_introspection_cpp.dir/rosidl_typesupport_introspection_cpp/champ_msgs/msg/detail/velocities__type_support.cpp.o[0m
[14.960s] [ 21%] [32mBuilding CXX object CMakeFiles/champ_msgs__rosidl_typesupport_fastrtps_c.dir/rosidl_typesupport_fastrtps_c/champ_msgs/msg/detail/velocities__type_support_c.cpp.o[0m
[15.448s] [ 22%] [32mBuilding CXX object CMakeFiles/champ_msgs__rosidl_typesupport_fastrtps_cpp.dir/rosidl_typesupport_fastrtps_cpp/champ_msgs/msg/detail/dds_fastrtps/velocities__type_support.cpp.o[0m
[15.761s] [ 23%] [32mBuilding CXX object CMakeFiles/champ_msgs__rosidl_typesupport_cpp.dir/rosidl_typesupport_cpp/champ_msgs/msg/imu__type_support.cpp.o[0m
[16.172s] [ 24%] [32mBuilding CXX object CMakeFiles/champ_msgs__rosidl_typesupport_introspection_cpp.dir/rosidl_typesupport_introspection_cpp/champ_msgs/msg/detail/pid__type_support.cpp.o[0m
[16.504s] [ 25%] [32mBuilding CXX object CMakeFiles/champ_msgs__rosidl_typesupport_fastrtps_c.dir/rosidl_typesupport_fastrtps_c/champ_msgs/msg/detail/pid__type_support_c.cpp.o[0m
[16.940s] [ 26%] [32mBuilding CXX object CMakeFiles/champ_msgs__rosidl_typesupport_introspection_cpp.dir/rosidl_typesupport_introspection_cpp/champ_msgs/msg/detail/imu__type_support.cpp.o[0m
[17.284s] [ 27%] [32mBuilding CXX object CMakeFiles/champ_msgs__rosidl_typesupport_cpp.dir/rosidl_typesupport_cpp/champ_msgs/msg/point__type_support.cpp.o[0m
[17.610s] [ 28%] [32mBuilding CXX object CMakeFiles/champ_msgs__rosidl_typesupport_fastrtps_cpp.dir/rosidl_typesupport_fastrtps_cpp/champ_msgs/msg/detail/dds_fastrtps/pid__type_support.cpp.o[0m
[17.992s] [ 29%] [32mBuilding CXX object CMakeFiles/champ_msgs__rosidl_typesupport_fastrtps_c.dir/rosidl_typesupport_fastrtps_c/champ_msgs/msg/detail/imu__type_support_c.cpp.o[0m
[18.380s] [ 30%] [32mBuilding CXX object CMakeFiles/champ_msgs__rosidl_typesupport_cpp.dir/rosidl_typesupport_cpp/champ_msgs/msg/point_array__type_support.cpp.o[0m
[18.951s] [ 31%] [32mBuilding CXX object CMakeFiles/champ_msgs__rosidl_typesupport_introspection_cpp.dir/rosidl_typesupport_introspection_cpp/champ_msgs/msg/detail/point__type_support.cpp.o[0m
[19.072s] [ 32%] [32mBuilding CXX object CMakeFiles/champ_msgs__rosidl_typesupport_fastrtps_cpp.dir/rosidl_typesupport_fastrtps_cpp/champ_msgs/msg/detail/dds_fastrtps/imu__type_support.cpp.o[0m
[19.695s] [ 33%] [32mBuilding CXX object CMakeFiles/champ_msgs__rosidl_typesupport_fastrtps_c.dir/rosidl_typesupport_fastrtps_c/champ_msgs/msg/detail/point__type_support_c.cpp.o[0m
[19.802s] [ 34%] [32mBuilding CXX object CMakeFiles/champ_msgs__rosidl_typesupport_cpp.dir/rosidl_typesupport_cpp/champ_msgs/msg/joints__type_support.cpp.o[0m
[20.498s] [ 35%] [32mBuilding CXX object CMakeFiles/champ_msgs__rosidl_typesupport_introspection_cpp.dir/rosidl_typesupport_introspection_cpp/champ_msgs/msg/detail/point_array__type_support.cpp.o[0m
[20.772s] [ 36%] [32mBuilding CXX object CMakeFiles/champ_msgs__rosidl_typesupport_fastrtps_cpp.dir/rosidl_typesupport_fastrtps_cpp/champ_msgs/msg/detail/dds_fastrtps/point__type_support.cpp.o[0m
[21.008s] [ 37%] [32mBuilding CXX object CMakeFiles/champ_msgs__rosidl_typesupport_cpp.dir/rosidl_typesupport_cpp/champ_msgs/msg/contacts__type_support.cpp.o[0m
[21.171s] [ 38%] [32mBuilding CXX object CMakeFiles/champ_msgs__rosidl_typesupport_fastrtps_c.dir/rosidl_typesupport_fastrtps_c/champ_msgs/msg/detail/point_array__type_support_c.cpp.o[0m
[21.362s] [ 40%] [32mBuilding CXX object CMakeFiles/champ_msgs__rosidl_typesupport_introspection_cpp.dir/rosidl_typesupport_introspection_cpp/champ_msgs/msg/detail/joints__type_support.cpp.o[0m
[21.790s] [ 41%] [32mBuilding CXX object CMakeFiles/champ_msgs__rosidl_typesupport_cpp.dir/rosidl_typesupport_cpp/champ_msgs/msg/contacts_stamped__type_support.cpp.o[0m
[22.457s] [ 42%] [32mBuilding CXX object CMakeFiles/champ_msgs__rosidl_typesupport_introspection_cpp.dir/rosidl_typesupport_introspection_cpp/champ_msgs/msg/detail/contacts__type_support.cpp.o[0m
[22.668s] [ 43%] [32mBuilding CXX object CMakeFiles/champ_msgs__rosidl_typesupport_fastrtps_cpp.dir/rosidl_typesupport_fastrtps_cpp/champ_msgs/msg/detail/dds_fastrtps/point_array__type_support.cpp.o[0m
[22.748s] [ 44%] [32mBuilding CXX object CMakeFiles/champ_msgs__rosidl_typesupport_cpp.dir/rosidl_typesupport_cpp/champ_msgs/msg/pose__type_support.cpp.o[0m
[22.822s] [ 45%] [32mBuilding CXX object CMakeFiles/champ_msgs__rosidl_typesupport_fastrtps_c.dir/rosidl_typesupport_fastrtps_c/champ_msgs/msg/detail/joints__type_support_c.cpp.o[0m
[23.583s] [ 46%] [32mBuilding CXX object CMakeFiles/champ_msgs__rosidl_typesupport_fastrtps_c.dir/rosidl_typesupport_fastrtps_c/champ_msgs/msg/detail/contacts__type_support_c.cpp.o[0m
[23.672s] [ 47%] [32mBuilding CXX object CMakeFiles/champ_msgs__rosidl_typesupport_fastrtps_cpp.dir/rosidl_typesupport_fastrtps_cpp/champ_msgs/msg/detail/dds_fastrtps/joints__type_support.cpp.o[0m
[23.969s] [ 48%] [32m[1mLinking CXX shared library libchamp_msgs__rosidl_typesupport_cpp.so[0m
[24.123s] [ 48%] Built target champ_msgs__rosidl_typesupport_cpp
[24.172s] [ 49%] [34m[1mGenerating C introspection for ROS interfaces[0m
[24.318s] [ 50%] [32mBuilding CXX object CMakeFiles/champ_msgs__rosidl_typesupport_introspection_cpp.dir/rosidl_typesupport_introspection_cpp/champ_msgs/msg/detail/contacts_stamped__type_support.cpp.o[0m
[24.792s] [ 51%] [32mBuilding CXX object CMakeFiles/champ_msgs__rosidl_typesupport_fastrtps_c.dir/rosidl_typesupport_fastrtps_c/champ_msgs/msg/detail/contacts_stamped__type_support_c.cpp.o[0m
[25.268s] [ 52%] [32mBuilding CXX object CMakeFiles/champ_msgs__rosidl_typesupport_fastrtps_cpp.dir/rosidl_typesupport_fastrtps_cpp/champ_msgs/msg/detail/dds_fastrtps/contacts__type_support.cpp.o[0m
[25.531s] [ 53%] [32mBuilding CXX object CMakeFiles/champ_msgs__rosidl_typesupport_fastrtps_c.dir/rosidl_typesupport_fastrtps_c/champ_msgs/msg/detail/pose__type_support_c.cpp.o[0m
[25.761s] [ 54%] [32mBuilding CXX object CMakeFiles/champ_msgs__rosidl_typesupport_introspection_cpp.dir/rosidl_typesupport_introspection_cpp/champ_msgs/msg/detail/pose__type_support.cpp.o[0m
[26.407s] [ 55%] [32mBuilding C object CMakeFiles/champ_msgs__rosidl_typesupport_introspection_c.dir/rosidl_typesupport_introspection_c/champ_msgs/msg/detail/velocities__type_support.c.o[0m
[26.511s] [ 56%] [32mBuilding CXX object CMakeFiles/champ_msgs__rosidl_typesupport_fastrtps_cpp.dir/rosidl_typesupport_fastrtps_cpp/champ_msgs/msg/detail/dds_fastrtps/contacts_stamped__type_support.cpp.o[0m
[26.528s] [ 57%] [32mBuilding C object CMakeFiles/champ_msgs__rosidl_typesupport_introspection_c.dir/rosidl_typesupport_introspection_c/champ_msgs/msg/detail/pid__type_support.c.o[0m
[26.640s] [ 58%] [32mBuilding C object CMakeFiles/champ_msgs__rosidl_typesupport_introspection_c.dir/rosidl_typesupport_introspection_c/champ_msgs/msg/detail/imu__type_support.c.o[0m
[26.766s] [ 60%] [32mBuilding C object CMakeFiles/champ_msgs__rosidl_typesupport_introspection_c.dir/rosidl_typesupport_introspection_c/champ_msgs/msg/detail/point__type_support.c.o[0m
[26.869s] [ 61%] [32mBuilding C object CMakeFiles/champ_msgs__rosidl_typesupport_introspection_c.dir/rosidl_typesupport_introspection_c/champ_msgs/msg/detail/point_array__type_support.c.o[0m
[26.909s] [ 62%] [32m[1mLinking CXX shared library libchamp_msgs__rosidl_typesupport_fastrtps_c.so[0m
[27.024s] [ 63%] [32mBuilding C object CMakeFiles/champ_msgs__rosidl_typesupport_introspection_c.dir/rosidl_typesupport_introspection_c/champ_msgs/msg/detail/joints__type_support.c.o[0m
[27.124s] [ 64%] [32mBuilding C object CMakeFiles/champ_msgs__rosidl_typesupport_introspection_c.dir/rosidl_typesupport_introspection_c/champ_msgs/msg/detail/contacts__type_support.c.o[0m
[27.183s] [ 65%] [32m[1mLinking CXX shared library libchamp_msgs__rosidl_typesupport_introspection_cpp.so[0m
[27.246s] [ 66%] [32mBuilding C object CMakeFiles/champ_msgs__rosidl_typesupport_introspection_c.dir/rosidl_typesupport_introspection_c/champ_msgs/msg/detail/contacts_stamped__type_support.c.o[0m
[27.541s] [ 66%] Built target champ_msgs__rosidl_typesupport_introspection_cpp
[27.541s] [ 66%] Built target champ_msgs__rosidl_typesupport_fastrtps_c
[27.568s] [ 67%] [32mBuilding C object CMakeFiles/champ_msgs__rosidl_typesupport_introspection_c.dir/rosidl_typesupport_introspection_c/champ_msgs/msg/detail/pose__type_support.c.o[0m
[27.569s] [ 68%] [34m[1mGenerating C type support dispatch for ROS interfaces[0m
[27.620s] [ 69%] [32mBuilding CXX object CMakeFiles/champ_msgs__rosidl_typesupport_fastrtps_cpp.dir/rosidl_typesupport_fastrtps_cpp/champ_msgs/msg/detail/dds_fastrtps/pose__type_support.cpp.o[0m
[27.705s] [ 70%] [32m[1mLinking C shared library libchamp_msgs__rosidl_typesupport_introspection_c.so[0m
[27.825s] [ 70%] Built target champ_msgs__rosidl_typesupport_introspection_c
[28.347s] [ 71%] [32m[1mLinking CXX shared library libchamp_msgs__rosidl_typesupport_fastrtps_cpp.so[0m
[28.540s] [ 71%] Built target champ_msgs__rosidl_typesupport_fastrtps_cpp
[28.805s] [ 72%] [32mBuilding CXX object CMakeFiles/champ_msgs__rosidl_typesupport_c.dir/rosidl_typesupport_c/champ_msgs/msg/imu__type_support.cpp.o[0m
[28.814s] [ 73%] [32mBuilding CXX object CMakeFiles/champ_msgs__rosidl_typesupport_c.dir/rosidl_typesupport_c/champ_msgs/msg/pid__type_support.cpp.o[0m
[28.825s] [ 74%] [32mBuilding CXX object CMakeFiles/champ_msgs__rosidl_typesupport_c.dir/rosidl_typesupport_c/champ_msgs/msg/point__type_support.cpp.o[0m
[28.838s] [ 75%] [32mBuilding CXX object CMakeFiles/champ_msgs__rosidl_typesupport_c.dir/rosidl_typesupport_c/champ_msgs/msg/velocities__type_support.cpp.o[0m
[28.896s] [ 76%] [32mBuilding CXX object CMakeFiles/champ_msgs__rosidl_typesupport_c.dir/rosidl_typesupport_c/champ_msgs/msg/point_array__type_support.cpp.o[0m
[28.934s] [ 77%] [32mBuilding CXX object CMakeFiles/champ_msgs__rosidl_typesupport_c.dir/rosidl_typesupport_c/champ_msgs/msg/joints__type_support.cpp.o[0m
[28.944s] [ 78%] [32mBuilding CXX object CMakeFiles/champ_msgs__rosidl_typesupport_c.dir/rosidl_typesupport_c/champ_msgs/msg/contacts__type_support.cpp.o[0m
[28.958s] [ 80%] [32mBuilding CXX object CMakeFiles/champ_msgs__rosidl_typesupport_c.dir/rosidl_typesupport_c/champ_msgs/msg/contacts_stamped__type_support.cpp.o[0m
[28.983s] [ 81%] [32mBuilding CXX object CMakeFiles/champ_msgs__rosidl_typesupport_c.dir/rosidl_typesupport_c/champ_msgs/msg/pose__type_support.cpp.o[0m
[29.096s] [ 82%] [32m[1mLinking CXX shared library libchamp_msgs__rosidl_typesupport_c.so[0m
[29.208s] [ 82%] Built target champ_msgs__rosidl_typesupport_c
[29.269s] [ 82%] Built target champ_msgs
[29.305s] [ 83%] [34m[1mGenerating Python code for ROS interfaces[0m
[31.306s] [ 83%] Built target champ_msgs__py
[31.355s] [ 84%] [32mBuilding C object CMakeFiles/champ_msgs__rosidl_generator_py.dir/rosidl_generator_py/champ_msgs/msg/_velocities_s.c.o[0m
[31.360s] [ 86%] [32mBuilding C object CMakeFiles/champ_msgs__rosidl_generator_py.dir/rosidl_generator_py/champ_msgs/msg/_pid_s.c.o[0m
[31.361s] [ 85%] [32mBuilding C object CMakeFiles/champ_msgs__rosidl_generator_py.dir/rosidl_generator_py/champ_msgs/msg/_imu_s.c.o[0m
[31.376s] [ 87%] [32mBuilding C object CMakeFiles/champ_msgs__rosidl_generator_py.dir/rosidl_generator_py/champ_msgs/msg/_point_s.c.o[0m
[31.637s] [ 88%] [32mBuilding C object CMakeFiles/champ_msgs__rosidl_generator_py.dir/rosidl_generator_py/champ_msgs/msg/_point_array_s.c.o[0m
[31.752s] [ 89%] [32mBuilding C object CMakeFiles/champ_msgs__rosidl_generator_py.dir/rosidl_generator_py/champ_msgs/msg/_joints_s.c.o[0m
[31.758s] [ 90%] [32mBuilding C object CMakeFiles/champ_msgs__rosidl_generator_py.dir/rosidl_generator_py/champ_msgs/msg/_contacts_s.c.o[0m
[31.816s] [ 91%] [32mBuilding C object CMakeFiles/champ_msgs__rosidl_generator_py.dir/rosidl_generator_py/champ_msgs/msg/_contacts_stamped_s.c.o[0m
[32.024s] [ 92%] [32mBuilding C object CMakeFiles/champ_msgs__rosidl_generator_py.dir/rosidl_generator_py/champ_msgs/msg/_pose_s.c.o[0m
[32.328s] [ 93%] [32m[1mLinking C shared library rosidl_generator_py/champ_msgs/libchamp_msgs__rosidl_generator_py.so[0m
[32.510s] [ 93%] Built target champ_msgs__rosidl_generator_py
[32.565s] [ 94%] [32mBuilding C object CMakeFiles/champ_msgs__rosidl_typesupport_fastrtps_c__pyext.dir/rosidl_generator_py/champ_msgs/_champ_msgs_s.ep.rosidl_typesupport_fastrtps_c.c.o[0m
[32.582s] [ 95%] [32mBuilding C object CMakeFiles/champ_msgs__rosidl_typesupport_introspection_c__pyext.dir/rosidl_generator_py/champ_msgs/_champ_msgs_s.ep.rosidl_typesupport_introspection_c.c.o[0m
[32.596s] [ 96%] [32mBuilding C object CMakeFiles/champ_msgs__rosidl_typesupport_c__pyext.dir/rosidl_generator_py/champ_msgs/_champ_msgs_s.ep.rosidl_typesupport_c.c.o[0m
[32.860s] [ 97%] [32m[1mLinking C shared library rosidl_generator_py/champ_msgs/champ_msgs_s__rosidl_typesupport_fastrtps_c.cpython-310-aarch64-linux-gnu.so[0m
[33.034s] [ 97%] Built target champ_msgs__rosidl_typesupport_fastrtps_c__pyext
[33.035s] [ 98%] [32m[1mLinking C shared library rosidl_generator_py/champ_msgs/champ_msgs_s__rosidl_typesupport_introspection_c.cpython-310-aarch64-linux-gnu.so[0m
[33.040s] [100%] [32m[1mLinking C shared library rosidl_generator_py/champ_msgs/champ_msgs_s__rosidl_typesupport_c.cpython-310-aarch64-linux-gnu.so[0m
[33.234s] [100%] Built target champ_msgs__rosidl_typesupport_introspection_c__pyext
[33.241s] [100%] Built target champ_msgs__rosidl_typesupport_c__pyext
[33.276s] Invoked command in '/root/yahboomcar_ws/src/build/champ_msgs' returned '0': CMAKE_PREFIX_PATH=${CMAKE_PREFIX_PATH}:/root/yahboomcar_ws/install/yahboom_laser:/root/yahboomcar_ws/install/yahboom_dog_joint_state:/root/yahboomcar_ws/install/yahboom_description:/root/yahboomcar_ws/install/yahboom_bringup:/root/yahboomcar_ws/install/yahboom_base:/root/yahboomcar_ws/install/yahboom_app_save_map:/root/yahboomcar_ws/install/voice_xgo_ctrl_run:/root/yahboomcar_ws/install/tf_publisher:/root/yahboomcar_ws/install/bringup:/opt/ros/humble /usr/bin/cmake --build /root/yahboomcar_ws/src/build/champ_msgs -- -j4 -l4
[34.157s] Invoking command in '/root/yahboomcar_ws/src/build/champ_msgs': CMAKE_PREFIX_PATH=${CMAKE_PREFIX_PATH}:/root/yahboomcar_ws/install/yahboom_laser:/root/yahboomcar_ws/install/yahboom_dog_joint_state:/root/yahboomcar_ws/install/yahboom_description:/root/yahboomcar_ws/install/yahboom_bringup:/root/yahboomcar_ws/install/yahboom_base:/root/yahboomcar_ws/install/yahboom_app_save_map:/root/yahboomcar_ws/install/voice_xgo_ctrl_run:/root/yahboomcar_ws/install/tf_publisher:/root/yahboomcar_ws/install/bringup:/opt/ros/humble /usr/bin/cmake --install /root/yahboomcar_ws/src/build/champ_msgs
[34.174s] -- Install configuration: ""
[34.174s] -- Installing: /root/yahboomcar_ws/src/install/champ_msgs/share/ament_index/resource_index/rosidl_interfaces/champ_msgs
[34.174s] -- Installing: /root/yahboomcar_ws/src/install/champ_msgs/include/champ_msgs/champ_msgs
[34.174s] -- Installing: /root/yahboomcar_ws/src/install/champ_msgs/include/champ_msgs/champ_msgs/msg
[34.175s] -- Installing: /root/yahboomcar_ws/src/install/champ_msgs/include/champ_msgs/champ_msgs/msg/point.h
[34.175s] -- Installing: /root/yahboomcar_ws/src/install/champ_msgs/include/champ_msgs/champ_msgs/msg/contacts_stamped.h
[34.175s] -- Installing: /root/yahboomcar_ws/src/install/champ_msgs/include/champ_msgs/champ_msgs/msg/imu.h
[34.175s] -- Installing: /root/yahboomcar_ws/src/install/champ_msgs/include/champ_msgs/champ_msgs/msg/rosidl_generator_c__visibility_control.h
[34.175s] -- Installing: /root/yahboomcar_ws/src/install/champ_msgs/include/champ_msgs/champ_msgs/msg/velocities.h
[34.176s] -- Installing: /root/yahboomcar_ws/src/install/champ_msgs/include/champ_msgs/champ_msgs/msg/joints.h
[34.176s] -- Installing: /root/yahboomcar_ws/src/install/champ_msgs/include/champ_msgs/champ_msgs/msg/point_array.h
[34.176s] -- Installing: /root/yahboomcar_ws/src/install/champ_msgs/include/champ_msgs/champ_msgs/msg/detail
[34.176s] -- Installing: /root/yahboomcar_ws/src/install/champ_msgs/include/champ_msgs/champ_msgs/msg/detail/pose__type_support.h
[34.176s] -- Installing: /root/yahboomcar_ws/src/install/champ_msgs/include/champ_msgs/champ_msgs/msg/detail/pose__functions.h
[34.177s] -- Installing: /root/yahboomcar_ws/src/install/champ_msgs/include/champ_msgs/champ_msgs/msg/detail/joints__functions.c
[34.177s] -- Installing: /root/yahboomcar_ws/src/install/champ_msgs/include/champ_msgs/champ_msgs/msg/detail/point_array__functions.c
[34.177s] -- Installing: /root/yahboomcar_ws/src/install/champ_msgs/include/champ_msgs/champ_msgs/msg/detail/pose__struct.h
[34.177s] -- Installing: /root/yahboomcar_ws/src/install/champ_msgs/include/champ_msgs/champ_msgs/msg/detail/joints__type_support.h
[34.177s] -- Installing: /root/yahboomcar_ws/src/install/champ_msgs/include/champ_msgs/champ_msgs/msg/detail/velocities__struct.h
[34.178s] -- Installing: /root/yahboomcar_ws/src/install/champ_msgs/include/champ_msgs/champ_msgs/msg/detail/imu__functions.c
[34.178s] -- Installing: /root/yahboomcar_ws/src/install/champ_msgs/include/champ_msgs/champ_msgs/msg/detail/pose__functions.c
[34.178s] -- Installing: /root/yahboomcar_ws/src/install/champ_msgs/include/champ_msgs/champ_msgs/msg/detail/joints__functions.h
[34.178s] -- Installing: /root/yahboomcar_ws/src/install/champ_msgs/include/champ_msgs/champ_msgs/msg/detail/contacts_stamped__functions.c
[34.180s] -- Installing: /root/yahboomcar_ws/src/install/champ_msgs/include/champ_msgs/champ_msgs/msg/detail/imu__struct.h
[34.180s] -- Installing: /root/yahboomcar_ws/src/install/champ_msgs/include/champ_msgs/champ_msgs/msg/detail/contacts_stamped__struct.h
[34.181s] -- Installing: /root/yahboomcar_ws/src/install/champ_msgs/include/champ_msgs/champ_msgs/msg/detail/contacts__functions.c
[34.181s] -- Installing: /root/yahboomcar_ws/src/install/champ_msgs/include/champ_msgs/champ_msgs/msg/detail/imu__functions.h
[34.181s] -- Installing: /root/yahboomcar_ws/src/install/champ_msgs/include/champ_msgs/champ_msgs/msg/detail/velocities__functions.h
[34.181s] -- Installing: /root/yahboomcar_ws/src/install/champ_msgs/include/champ_msgs/champ_msgs/msg/detail/contacts_stamped__functions.h
[34.181s] -- Installing: /root/yahboomcar_ws/src/install/champ_msgs/include/champ_msgs/champ_msgs/msg/detail/contacts__type_support.h
[34.181s] -- Installing: /root/yahboomcar_ws/src/install/champ_msgs/include/champ_msgs/champ_msgs/msg/detail/pid__struct.h
[34.181s] -- Installing: /root/yahboomcar_ws/src/install/champ_msgs/include/champ_msgs/champ_msgs/msg/detail/point__type_support.h
[34.188s] -- Installing: /root/yahboomcar_ws/src/install/champ_msgs/include/champ_msgs/champ_msgs/msg/detail/point__struct.h
[34.188s] -- Installing: /root/yahboomcar_ws/src/install/champ_msgs/include/champ_msgs/champ_msgs/msg/detail/point_array__functions.h
[34.188s] -- Installing: /root/yahboomcar_ws/src/install/champ_msgs/include/champ_msgs/champ_msgs/msg/detail/velocities__functions.c
[34.188s] -- Installing: /root/yahboomcar_ws/src/install/champ_msgs/include/champ_msgs/champ_msgs/msg/detail/contacts__functions.h
[34.188s] -- Installing: /root/yahboomcar_ws/src/install/champ_msgs/include/champ_msgs/champ_msgs/msg/detail/pid__functions.c
[34.188s] -- Installing: /root/yahboomcar_ws/src/install/champ_msgs/include/champ_msgs/champ_msgs/msg/detail/point__functions.c
[34.188s] -- Installing: /root/yahboomcar_ws/src/install/champ_msgs/include/champ_msgs/champ_msgs/msg/detail/pid__type_support.h
[34.188s] -- Installing: /root/yahboomcar_ws/src/install/champ_msgs/include/champ_msgs/champ_msgs/msg/detail/imu__type_support.h
[34.189s] -- Installing: /root/yahboomcar_ws/src/install/champ_msgs/include/champ_msgs/champ_msgs/msg/detail/velocities__type_support.h
[34.189s] -- Installing: /root/yahboomcar_ws/src/install/champ_msgs/include/champ_msgs/champ_msgs/msg/detail/pid__functions.h
[34.189s] -- Installing: /root/yahboomcar_ws/src/install/champ_msgs/include/champ_msgs/champ_msgs/msg/detail/joints__struct.h
[34.189s] -- Installing: /root/yahboomcar_ws/src/install/champ_msgs/include/champ_msgs/champ_msgs/msg/detail/point_array__struct.h
[34.189s] -- Installing: /root/yahboomcar_ws/src/install/champ_msgs/include/champ_msgs/champ_msgs/msg/detail/point_array__type_support.h
[34.189s] -- Installing: /root/yahboomcar_ws/src/install/champ_msgs/include/champ_msgs/champ_msgs/msg/detail/point__functions.h
[34.189s] -- Installing: /root/yahboomcar_ws/src/install/champ_msgs/include/champ_msgs/champ_msgs/msg/detail/contacts__struct.h
[34.189s] -- Installing: /root/yahboomcar_ws/src/install/champ_msgs/include/champ_msgs/champ_msgs/msg/detail/contacts_stamped__type_support.h
[34.189s] -- Installing: /root/yahboomcar_ws/src/install/champ_msgs/include/champ_msgs/champ_msgs/msg/contacts.h
[34.189s] -- Installing: /root/yahboomcar_ws/src/install/champ_msgs/include/champ_msgs/champ_msgs/msg/pose.h
[34.189s] -- Installing: /root/yahboomcar_ws/src/install/champ_msgs/include/champ_msgs/champ_msgs/msg/pid.h
[34.189s] -- Installing: /root/yahboomcar_ws/src/install/champ_msgs/share/champ_msgs/environment/library_path.sh
[34.189s] -- Installing: /root/yahboomcar_ws/src/install/champ_msgs/share/champ_msgs/environment/library_path.dsv
[34.190s] -- Installing: /root/yahboomcar_ws/src/install/champ_msgs/lib/libchamp_msgs__rosidl_generator_c.so
[34.190s] -- Set runtime path of "/root/yahboomcar_ws/src/install/champ_msgs/lib/libchamp_msgs__rosidl_generator_c.so" to ""
[34.190s] -- Up-to-date: /root/yahboomcar_ws/src/install/champ_msgs/include/champ_msgs/champ_msgs
[34.190s] -- Up-to-date: /root/yahboomcar_ws/src/install/champ_msgs/include/champ_msgs/champ_msgs/msg
[34.195s] -- Installing: /root/yahboomcar_ws/src/install/champ_msgs/include/champ_msgs/champ_msgs/msg/rosidl_typesupport_fastrtps_c__visibility_control.h
[34.196s] -- Up-to-date: /root/yahboomcar_ws/src/install/champ_msgs/include/champ_msgs/champ_msgs/msg/detail
[34.197s] -- Installing: /root/yahboomcar_ws/src/install/champ_msgs/include/champ_msgs/champ_msgs/msg/detail/pid__rosidl_typesupport_fastrtps_c.h
[34.197s] -- Installing: /root/yahboomcar_ws/src/install/champ_msgs/include/champ_msgs/champ_msgs/msg/detail/contacts__rosidl_typesupport_fastrtps_c.h
[34.197s] -- Installing: /root/yahboomcar_ws/src/install/champ_msgs/include/champ_msgs/champ_msgs/msg/detail/point_array__rosidl_typesupport_fastrtps_c.h
[34.197s] -- Installing: /root/yahboomcar_ws/src/install/champ_msgs/include/champ_msgs/champ_msgs/msg/detail/contacts_stamped__rosidl_typesupport_fastrtps_c.h
[34.197s] -- Installing: /root/yahboomcar_ws/src/install/champ_msgs/include/champ_msgs/champ_msgs/msg/detail/pose__rosidl_typesupport_fastrtps_c.h
[34.197s] -- Installing: /root/yahboomcar_ws/src/install/champ_msgs/include/champ_msgs/champ_msgs/msg/detail/velocities__rosidl_typesupport_fastrtps_c.h
[34.197s] -- Installing: /root/yahboomcar_ws/src/install/champ_msgs/include/champ_msgs/champ_msgs/msg/detail/imu__rosidl_typesupport_fastrtps_c.h
[34.198s] -- Installing: /root/yahboomcar_ws/src/install/champ_msgs/include/champ_msgs/champ_msgs/msg/detail/point__rosidl_typesupport_fastrtps_c.h
[34.198s] -- Installing: /root/yahboomcar_ws/src/install/champ_msgs/include/champ_msgs/champ_msgs/msg/detail/joints__rosidl_typesupport_fastrtps_c.h
[34.200s] -- Installing: /root/yahboomcar_ws/src/install/champ_msgs/lib/libchamp_msgs__rosidl_typesupport_fastrtps_c.so
[34.201s] -- Set runtime path of "/root/yahboomcar_ws/src/install/champ_msgs/lib/libchamp_msgs__rosidl_typesupport_fastrtps_c.so" to ""
[34.201s] -- Up-to-date: /root/yahboomcar_ws/src/install/champ_msgs/include/champ_msgs/champ_msgs
[34.212s] -- Up-to-date: /root/yahboomcar_ws/src/install/champ_msgs/include/champ_msgs/champ_msgs/msg
[34.212s] -- Installing: /root/yahboomcar_ws/src/install/champ_msgs/include/champ_msgs/champ_msgs/msg/rosidl_typesupport_introspection_c__visibility_control.h
[34.213s] -- Up-to-date: /root/yahboomcar_ws/src/install/champ_msgs/include/champ_msgs/champ_msgs/msg/detail
[34.213s] -- Installing: /root/yahboomcar_ws/src/install/champ_msgs/include/champ_msgs/champ_msgs/msg/detail/contacts_stamped__rosidl_typesupport_introspection_c.h
[34.213s] -- Installing: /root/yahboomcar_ws/src/install/champ_msgs/include/champ_msgs/champ_msgs/msg/detail/velocities__type_support.c
[34.213s] -- Installing: /root/yahboomcar_ws/src/install/champ_msgs/include/champ_msgs/champ_msgs/msg/detail/pose__rosidl_typesupport_introspection_c.h
[34.213s] -- Installing: /root/yahboomcar_ws/src/install/champ_msgs/include/champ_msgs/champ_msgs/msg/detail/contacts__rosidl_typesupport_introspection_c.h
[34.213s] -- Installing: /root/yahboomcar_ws/src/install/champ_msgs/include/champ_msgs/champ_msgs/msg/detail/point_array__rosidl_typesupport_introspection_c.h
[34.213s] -- Installing: /root/yahboomcar_ws/src/install/champ_msgs/include/champ_msgs/champ_msgs/msg/detail/velocities__rosidl_typesupport_introspection_c.h
[34.213s] -- Installing: /root/yahboomcar_ws/src/install/champ_msgs/include/champ_msgs/champ_msgs/msg/detail/pid__rosidl_typesupport_introspection_c.h
[34.213s] -- Installing: /root/yahboomcar_ws/src/install/champ_msgs/include/champ_msgs/champ_msgs/msg/detail/point__rosidl_typesupport_introspection_c.h
[34.214s] -- Installing: /root/yahboomcar_ws/src/install/champ_msgs/include/champ_msgs/champ_msgs/msg/detail/pid__type_support.c
[34.214s] -- Installing: /root/yahboomcar_ws/src/install/champ_msgs/include/champ_msgs/champ_msgs/msg/detail/imu__rosidl_typesupport_introspection_c.h
[34.214s] -- Installing: /root/yahboomcar_ws/src/install/champ_msgs/include/champ_msgs/champ_msgs/msg/detail/point_array__type_support.c
[34.214s] -- Installing: /root/yahboomcar_ws/src/install/champ_msgs/include/champ_msgs/champ_msgs/msg/detail/joints__type_support.c
[34.214s] -- Installing: /root/yahboomcar_ws/src/install/champ_msgs/include/champ_msgs/champ_msgs/msg/detail/point__type_support.c
[34.214s] -- Installing: /root/yahboomcar_ws/src/install/champ_msgs/include/champ_msgs/champ_msgs/msg/detail/imu__type_support.c
[34.214s] -- Installing: /root/yahboomcar_ws/src/install/champ_msgs/include/champ_msgs/champ_msgs/msg/detail/contacts_stamped__type_support.c
[34.214s] -- Installing: /root/yahboomcar_ws/src/install/champ_msgs/include/champ_msgs/champ_msgs/msg/detail/joints__rosidl_typesupport_introspection_c.h
[34.214s] -- Installing: /root/yahboomcar_ws/src/install/champ_msgs/include/champ_msgs/champ_msgs/msg/detail/pose__type_support.c
[34.215s] -- Installing: /root/yahboomcar_ws/src/install/champ_msgs/include/champ_msgs/champ_msgs/msg/detail/contacts__type_support.c
[34.215s] -- Installing: /root/yahboomcar_ws/src/install/champ_msgs/lib/libchamp_msgs__rosidl_typesupport_introspection_c.so
[34.215s] -- Set runtime path of "/root/yahboomcar_ws/src/install/champ_msgs/lib/libchamp_msgs__rosidl_typesupport_introspection_c.so" to ""
[34.215s] -- Installing: /root/yahboomcar_ws/src/install/champ_msgs/lib/libchamp_msgs__rosidl_typesupport_c.so
[34.215s] -- Set runtime path of "/root/yahboomcar_ws/src/install/champ_msgs/lib/libchamp_msgs__rosidl_typesupport_c.so" to ""
[34.220s] -- Up-to-date: /root/yahboomcar_ws/src/install/champ_msgs/include/champ_msgs/champ_msgs
[34.220s] -- Up-to-date: /root/yahboomcar_ws/src/install/champ_msgs/include/champ_msgs/champ_msgs/msg
[34.220s] -- Installing: /root/yahboomcar_ws/src/install/champ_msgs/include/champ_msgs/champ_msgs/msg/point.hpp
[34.220s] -- Installing: /root/yahboomcar_ws/src/install/champ_msgs/include/champ_msgs/champ_msgs/msg/imu.hpp
[34.220s] -- Installing: /root/yahboomcar_ws/src/install/champ_msgs/include/champ_msgs/champ_msgs/msg/pose.hpp
[34.221s] -- Installing: /root/yahboomcar_ws/src/install/champ_msgs/include/champ_msgs/champ_msgs/msg/pid.hpp
[34.221s] -- Installing: /root/yahboomcar_ws/src/install/champ_msgs/include/champ_msgs/champ_msgs/msg/velocities.hpp
[34.221s] -- Installing: /root/yahboomcar_ws/src/install/champ_msgs/include/champ_msgs/champ_msgs/msg/contacts.hpp
[34.221s] -- Up-to-date: /root/yahboomcar_ws/src/install/champ_msgs/include/champ_msgs/champ_msgs/msg/detail
[34.221s] -- Installing: /root/yahboomcar_ws/src/install/champ_msgs/include/champ_msgs/champ_msgs/msg/detail/velocities__builder.hpp
[34.221s] -- Installing: /root/yahboomcar_ws/src/install/champ_msgs/include/champ_msgs/champ_msgs/msg/detail/point__builder.hpp
[34.221s] -- Installing: /root/yahboomcar_ws/src/install/champ_msgs/include/champ_msgs/champ_msgs/msg/detail/point_array__struct.hpp
[34.221s] -- Installing: /root/yahboomcar_ws/src/install/champ_msgs/include/champ_msgs/champ_msgs/msg/detail/velocities__struct.hpp
[34.221s] -- Installing: /root/yahboomcar_ws/src/install/champ_msgs/include/champ_msgs/champ_msgs/msg/detail/pid__struct.hpp
[34.221s] -- Installing: /root/yahboomcar_ws/src/install/champ_msgs/include/champ_msgs/champ_msgs/msg/detail/pose__struct.hpp
[34.221s] -- Installing: /root/yahboomcar_ws/src/install/champ_msgs/include/champ_msgs/champ_msgs/msg/detail/contacts_stamped__struct.hpp
[34.221s] -- Installing: /root/yahboomcar_ws/src/install/champ_msgs/include/champ_msgs/champ_msgs/msg/detail/imu__traits.hpp
[34.221s] -- Installing: /root/yahboomcar_ws/src/install/champ_msgs/include/champ_msgs/champ_msgs/msg/detail/imu__builder.hpp
[34.222s] -- Installing: /root/yahboomcar_ws/src/install/champ_msgs/include/champ_msgs/champ_msgs/msg/detail/pose__traits.hpp
[34.222s] -- Installing: /root/yahboomcar_ws/src/install/champ_msgs/include/champ_msgs/champ_msgs/msg/detail/pose__builder.hpp
[34.222s] -- Installing: /root/yahboomcar_ws/src/install/champ_msgs/include/champ_msgs/champ_msgs/msg/detail/point_array__builder.hpp
[34.222s] -- Installing: /root/yahboomcar_ws/src/install/champ_msgs/include/champ_msgs/champ_msgs/msg/detail/pid__builder.hpp
[34.222s] -- Installing: /root/yahboomcar_ws/src/install/champ_msgs/include/champ_msgs/champ_msgs/msg/detail/contacts_stamped__traits.hpp
[34.222s] -- Installing: /root/yahboomcar_ws/src/install/champ_msgs/include/champ_msgs/champ_msgs/msg/detail/contacts_stamped__builder.hpp
[34.222s] -- Installing: /root/yahboomcar_ws/src/install/champ_msgs/include/champ_msgs/champ_msgs/msg/detail/imu__struct.hpp
[34.222s] -- Installing: /root/yahboomcar_ws/src/install/champ_msgs/include/champ_msgs/champ_msgs/msg/detail/contacts__struct.hpp
[34.222s] -- Installing: /root/yahboomcar_ws/src/install/champ_msgs/include/champ_msgs/champ_msgs/msg/detail/pid__traits.hpp
[34.222s] -- Installing: /root/yahboomcar_ws/src/install/champ_msgs/include/champ_msgs/champ_msgs/msg/detail/joints__builder.hpp
[34.223s] -- Installing: /root/yahboomcar_ws/src/install/champ_msgs/include/champ_msgs/champ_msgs/msg/detail/joints__traits.hpp
[34.223s] -- Installing: /root/yahboomcar_ws/src/install/champ_msgs/include/champ_msgs/champ_msgs/msg/detail/point_array__traits.hpp
[34.223s] -- Installing: /root/yahboomcar_ws/src/install/champ_msgs/include/champ_msgs/champ_msgs/msg/detail/contacts__traits.hpp
[34.223s] -- Installing: /root/yahboomcar_ws/src/install/champ_msgs/include/champ_msgs/champ_msgs/msg/detail/joints__struct.hpp
[34.228s] -- Installing: /root/yahboomcar_ws/src/install/champ_msgs/include/champ_msgs/champ_msgs/msg/detail/velocities__traits.hpp
[34.228s] -- Installing: /root/yahboomcar_ws/src/install/champ_msgs/include/champ_msgs/champ_msgs/msg/detail/point__traits.hpp
[34.228s] -- Installing: /root/yahboomcar_ws/src/install/champ_msgs/include/champ_msgs/champ_msgs/msg/detail/contacts__builder.hpp
[34.228s] -- Installing: /root/yahboomcar_ws/src/install/champ_msgs/include/champ_msgs/champ_msgs/msg/detail/point__struct.hpp
[34.228s] -- Installing: /root/yahboomcar_ws/src/install/champ_msgs/include/champ_msgs/champ_msgs/msg/contacts_stamped.hpp
[34.229s] -- Installing: /root/yahboomcar_ws/src/install/champ_msgs/include/champ_msgs/champ_msgs/msg/joints.hpp
[34.229s] -- Installing: /root/yahboomcar_ws/src/install/champ_msgs/include/champ_msgs/champ_msgs/msg/point_array.hpp
[34.229s] -- Up-to-date: /root/yahboomcar_ws/src/install/champ_msgs/include/champ_msgs/champ_msgs
[34.229s] -- Up-to-date: /root/yahboomcar_ws/src/install/champ_msgs/include/champ_msgs/champ_msgs/msg
[34.229s] -- Up-to-date: /root/yahboomcar_ws/src/install/champ_msgs/include/champ_msgs/champ_msgs/msg/detail
[34.229s] -- Installing: /root/yahboomcar_ws/src/install/champ_msgs/include/champ_msgs/champ_msgs/msg/detail/velocities__rosidl_typesupport_fastrtps_cpp.hpp
[34.229s] -- Installing: /root/yahboomcar_ws/src/install/champ_msgs/include/champ_msgs/champ_msgs/msg/detail/pose__rosidl_typesupport_fastrtps_cpp.hpp
[34.229s] -- Installing: /root/yahboomcar_ws/src/install/champ_msgs/include/champ_msgs/champ_msgs/msg/detail/joints__rosidl_typesupport_fastrtps_cpp.hpp
[34.229s] -- Installing: /root/yahboomcar_ws/src/install/champ_msgs/include/champ_msgs/champ_msgs/msg/detail/contacts__rosidl_typesupport_fastrtps_cpp.hpp
[34.230s] -- Installing: /root/yahboomcar_ws/src/install/champ_msgs/include/champ_msgs/champ_msgs/msg/detail/contacts_stamped__rosidl_typesupport_fastrtps_cpp.hpp
[34.230s] -- Installing: /root/yahboomcar_ws/src/install/champ_msgs/include/champ_msgs/champ_msgs/msg/detail/imu__rosidl_typesupport_fastrtps_cpp.hpp
[34.230s] -- Installing: /root/yahboomcar_ws/src/install/champ_msgs/include/champ_msgs/champ_msgs/msg/detail/point_array__rosidl_typesupport_fastrtps_cpp.hpp
[34.230s] -- Installing: /root/yahboomcar_ws/src/install/champ_msgs/include/champ_msgs/champ_msgs/msg/detail/pid__rosidl_typesupport_fastrtps_cpp.hpp
[34.230s] -- Installing: /root/yahboomcar_ws/src/install/champ_msgs/include/champ_msgs/champ_msgs/msg/detail/point__rosidl_typesupport_fastrtps_cpp.hpp
[34.230s] -- Installing: /root/yahboomcar_ws/src/install/champ_msgs/include/champ_msgs/champ_msgs/msg/detail/dds_fastrtps
[34.230s] -- Installing: /root/yahboomcar_ws/src/install/champ_msgs/include/champ_msgs/champ_msgs/msg/rosidl_typesupport_fastrtps_cpp__visibility_control.h
[34.230s] -- Installing: /root/yahboomcar_ws/src/install/champ_msgs/lib/libchamp_msgs__rosidl_typesupport_fastrtps_cpp.so
[34.230s] -- Set runtime path of "/root/yahboomcar_ws/src/install/champ_msgs/lib/libchamp_msgs__rosidl_typesupport_fastrtps_cpp.so" to ""
[34.231s] -- Up-to-date: /root/yahboomcar_ws/src/install/champ_msgs/include/champ_msgs/champ_msgs
[34.231s] -- Up-to-date: /root/yahboomcar_ws/src/install/champ_msgs/include/champ_msgs/champ_msgs/msg
[34.231s] -- Up-to-date: /root/yahboomcar_ws/src/install/champ_msgs/include/champ_msgs/champ_msgs/msg/detail
[34.231s] -- Installing: /root/yahboomcar_ws/src/install/champ_msgs/include/champ_msgs/champ_msgs/msg/detail/point_array__type_support.cpp
[34.231s] -- Installing: /root/yahboomcar_ws/src/install/champ_msgs/include/champ_msgs/champ_msgs/msg/detail/pid__rosidl_typesupport_introspection_cpp.hpp
[34.231s] -- Installing: /root/yahboomcar_ws/src/install/champ_msgs/include/champ_msgs/champ_msgs/msg/detail/joints__type_support.cpp
[34.231s] -- Installing: /root/yahboomcar_ws/src/install/champ_msgs/include/champ_msgs/champ_msgs/msg/detail/pose__type_support.cpp
[34.236s] -- Installing: /root/yahboomcar_ws/src/install/champ_msgs/include/champ_msgs/champ_msgs/msg/detail/point__type_support.cpp
[34.236s] -- Installing: /root/yahboomcar_ws/src/install/champ_msgs/include/champ_msgs/champ_msgs/msg/detail/velocities__type_support.cpp
[34.236s] -- Installing: /root/yahboomcar_ws/src/install/champ_msgs/include/champ_msgs/champ_msgs/msg/detail/imu__type_support.cpp
[34.236s] -- Installing: /root/yahboomcar_ws/src/install/champ_msgs/include/champ_msgs/champ_msgs/msg/detail/velocities__rosidl_typesupport_introspection_cpp.hpp
[34.237s] -- Installing: /root/yahboomcar_ws/src/install/champ_msgs/include/champ_msgs/champ_msgs/msg/detail/contacts__rosidl_typesupport_introspection_cpp.hpp
[34.237s] -- Installing: /root/yahboomcar_ws/src/install/champ_msgs/include/champ_msgs/champ_msgs/msg/detail/point__rosidl_typesupport_introspection_cpp.hpp
[34.237s] -- Installing: /root/yahboomcar_ws/src/install/champ_msgs/include/champ_msgs/champ_msgs/msg/detail/point_array__rosidl_typesupport_introspection_cpp.hpp
[34.237s] -- Installing: /root/yahboomcar_ws/src/install/champ_msgs/include/champ_msgs/champ_msgs/msg/detail/contacts_stamped__type_support.cpp
[34.237s] -- Installing: /root/yahboomcar_ws/src/install/champ_msgs/include/champ_msgs/champ_msgs/msg/detail/pose__rosidl_typesupport_introspection_cpp.hpp
[34.237s] -- Installing: /root/yahboomcar_ws/src/install/champ_msgs/include/champ_msgs/champ_msgs/msg/detail/imu__rosidl_typesupport_introspection_cpp.hpp
[34.237s] -- Installing: /root/yahboomcar_ws/src/install/champ_msgs/include/champ_msgs/champ_msgs/msg/detail/contacts__type_support.cpp
[34.237s] -- Installing: /root/yahboomcar_ws/src/install/champ_msgs/include/champ_msgs/champ_msgs/msg/detail/joints__rosidl_typesupport_introspection_cpp.hpp
[34.237s] -- Installing: /root/yahboomcar_ws/src/install/champ_msgs/include/champ_msgs/champ_msgs/msg/detail/contacts_stamped__rosidl_typesupport_introspection_cpp.hpp
[34.237s] -- Installing: /root/yahboomcar_ws/src/install/champ_msgs/include/champ_msgs/champ_msgs/msg/detail/pid__type_support.cpp
[34.237s] -- Installing: /root/yahboomcar_ws/src/install/champ_msgs/lib/libchamp_msgs__rosidl_typesupport_introspection_cpp.so
[34.237s] -- Set runtime path of "/root/yahboomcar_ws/src/install/champ_msgs/lib/libchamp_msgs__rosidl_typesupport_introspection_cpp.so" to ""
[34.237s] -- Installing: /root/yahboomcar_ws/src/install/champ_msgs/lib/libchamp_msgs__rosidl_typesupport_cpp.so
[34.238s] -- Set runtime path of "/root/yahboomcar_ws/src/install/champ_msgs/lib/libchamp_msgs__rosidl_typesupport_cpp.so" to ""
[34.238s] -- Installing: /root/yahboomcar_ws/src/install/champ_msgs/share/champ_msgs/environment/pythonpath.sh
[34.238s] -- Installing: /root/yahboomcar_ws/src/install/champ_msgs/share/champ_msgs/environment/pythonpath.dsv
[34.238s] -- Installing: /root/yahboomcar_ws/src/install/champ_msgs/local/lib/python3.10/dist-packages/champ_msgs-0.1.0-py3.10.egg-info
[34.238s] -- Installing: /root/yahboomcar_ws/src/install/champ_msgs/local/lib/python3.10/dist-packages/champ_msgs-0.1.0-py3.10.egg-info/top_level.txt
[34.238s] -- Installing: /root/yahboomcar_ws/src/install/champ_msgs/local/lib/python3.10/dist-packages/champ_msgs-0.1.0-py3.10.egg-info/PKG-INFO
[34.238s] -- Installing: /root/yahboomcar_ws/src/install/champ_msgs/local/lib/python3.10/dist-packages/champ_msgs-0.1.0-py3.10.egg-info/dependency_links.txt
[34.238s] -- Installing: /root/yahboomcar_ws/src/install/champ_msgs/local/lib/python3.10/dist-packages/champ_msgs-0.1.0-py3.10.egg-info/SOURCES.txt
[34.238s] -- Installing: /root/yahboomcar_ws/src/install/champ_msgs/local/lib/python3.10/dist-packages/champ_msgs
[34.238s] -- Installing: /root/yahboomcar_ws/src/install/champ_msgs/local/lib/python3.10/dist-packages/champ_msgs/champ_msgs_s__rosidl_typesupport_fastrtps_c.cpython-310-aarch64-linux-gnu.so
[34.238s] -- Installing: /root/yahboomcar_ws/src/install/champ_msgs/local/lib/python3.10/dist-packages/champ_msgs/libchamp_msgs__rosidl_generator_py.so
[34.238s] -- Installing: /root/yahboomcar_ws/src/install/champ_msgs/local/lib/python3.10/dist-packages/champ_msgs/_champ_msgs_s.ep.rosidl_typesupport_introspection_c.c
[34.238s] -- Installing: /root/yahboomcar_ws/src/install/champ_msgs/local/lib/python3.10/dist-packages/champ_msgs/msg
[34.239s] -- Installing: /root/yahboomcar_ws/src/install/champ_msgs/local/lib/python3.10/dist-packages/champ_msgs/msg/_joints.py
[34.242s] -- Installing: /root/yahboomcar_ws/src/install/champ_msgs/local/lib/python3.10/dist-packages/champ_msgs/msg/_contacts_stamped.py
[34.242s] -- Installing: /root/yahboomcar_ws/src/install/champ_msgs/local/lib/python3.10/dist-packages/champ_msgs/msg/_contacts_s.c
[34.243s] -- Installing: /root/yahboomcar_ws/src/install/champ_msgs/local/lib/python3.10/dist-packages/champ_msgs/msg/_point.py
[34.243s] -- Installing: /root/yahboomcar_ws/src/install/champ_msgs/local/lib/python3.10/dist-packages/champ_msgs/msg/_point_s.c
[34.243s] -- Installing: /root/yahboomcar_ws/src/install/champ_msgs/local/lib/python3.10/dist-packages/champ_msgs/msg/_pose_s.c
[34.243s] -- Installing: /root/yahboomcar_ws/src/install/champ_msgs/local/lib/python3.10/dist-packages/champ_msgs/msg/_imu_s.c
[34.243s] -- Installing: /root/yahboomcar_ws/src/install/champ_msgs/local/lib/python3.10/dist-packages/champ_msgs/msg/_velocities.py
[34.243s] -- Installing: /root/yahboomcar_ws/src/install/champ_msgs/local/lib/python3.10/dist-packages/champ_msgs/msg/_pid_s.c
[34.243s] -- Installing: /root/yahboomcar_ws/src/install/champ_msgs/local/lib/python3.10/dist-packages/champ_msgs/msg/_contacts.py
[34.245s] -- Installing: /root/yahboomcar_ws/src/install/champ_msgs/local/lib/python3.10/dist-packages/champ_msgs/msg/_pose.py
[34.246s] -- Installing: /root/yahboomcar_ws/src/install/champ_msgs/local/lib/python3.10/dist-packages/champ_msgs/msg/_point_array_s.c
[34.246s] -- Installing: /root/yahboomcar_ws/src/install/champ_msgs/local/lib/python3.10/dist-packages/champ_msgs/msg/_joints_s.c
[34.246s] -- Installing: /root/yahboomcar_ws/src/install/champ_msgs/local/lib/python3.10/dist-packages/champ_msgs/msg/_contacts_stamped_s.c
[34.246s] -- Installing: /root/yahboomcar_ws/src/install/champ_msgs/local/lib/python3.10/dist-packages/champ_msgs/msg/__init__.py
[34.246s] -- Installing: /root/yahboomcar_ws/src/install/champ_msgs/local/lib/python3.10/dist-packages/champ_msgs/msg/_point_array.py
[34.246s] -- Installing: /root/yahboomcar_ws/src/install/champ_msgs/local/lib/python3.10/dist-packages/champ_msgs/msg/_velocities_s.c
[34.246s] -- Installing: /root/yahboomcar_ws/src/install/champ_msgs/local/lib/python3.10/dist-packages/champ_msgs/msg/_pid.py
[34.246s] -- Installing: /root/yahboomcar_ws/src/install/champ_msgs/local/lib/python3.10/dist-packages/champ_msgs/msg/_imu.py
[34.246s] -- Installing: /root/yahboomcar_ws/src/install/champ_msgs/local/lib/python3.10/dist-packages/champ_msgs/__init__.py
[34.246s] -- Installing: /root/yahboomcar_ws/src/install/champ_msgs/local/lib/python3.10/dist-packages/champ_msgs/_champ_msgs_s.ep.rosidl_typesupport_fastrtps_c.c
[34.248s] -- Installing: /root/yahboomcar_ws/src/install/champ_msgs/local/lib/python3.10/dist-packages/champ_msgs/champ_msgs_s__rosidl_typesupport_introspection_c.cpython-310-aarch64-linux-gnu.so
[34.248s] -- Installing: /root/yahboomcar_ws/src/install/champ_msgs/local/lib/python3.10/dist-packages/champ_msgs/champ_msgs_s__rosidl_typesupport_c.cpython-310-aarch64-linux-gnu.so
[34.249s] -- Installing: /root/yahboomcar_ws/src/install/champ_msgs/local/lib/python3.10/dist-packages/champ_msgs/_champ_msgs_s.ep.rosidl_typesupport_c.c
[34.383s] Listing '/root/yahboomcar_ws/src/install/champ_msgs/local/lib/python3.10/dist-packages/champ_msgs'...
[34.383s] Compiling '/root/yahboomcar_ws/src/install/champ_msgs/local/lib/python3.10/dist-packages/champ_msgs/__init__.py'...
[34.383s] Listing '/root/yahboomcar_ws/src/install/champ_msgs/local/lib/python3.10/dist-packages/champ_msgs/msg'...
[34.384s] Compiling '/root/yahboomcar_ws/src/install/champ_msgs/local/lib/python3.10/dist-packages/champ_msgs/msg/__init__.py'...
[34.384s] Compiling '/root/yahboomcar_ws/src/install/champ_msgs/local/lib/python3.10/dist-packages/champ_msgs/msg/_contacts.py'...
[34.384s] Compiling '/root/yahboomcar_ws/src/install/champ_msgs/local/lib/python3.10/dist-packages/champ_msgs/msg/_contacts_stamped.py'...
[34.384s] Compiling '/root/yahboomcar_ws/src/install/champ_msgs/local/lib/python3.10/dist-packages/champ_msgs/msg/_imu.py'...
[34.384s] Compiling '/root/yahboomcar_ws/src/install/champ_msgs/local/lib/python3.10/dist-packages/champ_msgs/msg/_joints.py'...
[34.384s] Compiling '/root/yahboomcar_ws/src/install/champ_msgs/local/lib/python3.10/dist-packages/champ_msgs/msg/_pid.py'...
[34.384s] Compiling '/root/yahboomcar_ws/src/install/champ_msgs/local/lib/python3.10/dist-packages/champ_msgs/msg/_point.py'...
[34.384s] Compiling '/root/yahboomcar_ws/src/install/champ_msgs/local/lib/python3.10/dist-packages/champ_msgs/msg/_point_array.py'...
[34.384s] Compiling '/root/yahboomcar_ws/src/install/champ_msgs/local/lib/python3.10/dist-packages/champ_msgs/msg/_pose.py'...
[34.385s] Compiling '/root/yahboomcar_ws/src/install/champ_msgs/local/lib/python3.10/dist-packages/champ_msgs/msg/_velocities.py'...
[34.412s] -- Installing: /root/yahboomcar_ws/src/install/champ_msgs/local/lib/python3.10/dist-packages/champ_msgs/champ_msgs_s__rosidl_typesupport_fastrtps_c.cpython-310-aarch64-linux-gnu.so
[34.412s] -- Set runtime path of "/root/yahboomcar_ws/src/install/champ_msgs/local/lib/python3.10/dist-packages/champ_msgs/champ_msgs_s__rosidl_typesupport_fastrtps_c.cpython-310-aarch64-linux-gnu.so" to ""
[34.412s] -- Installing: /root/yahboomcar_ws/src/install/champ_msgs/local/lib/python3.10/dist-packages/champ_msgs/champ_msgs_s__rosidl_typesupport_introspection_c.cpython-310-aarch64-linux-gnu.so
[34.412s] -- Set runtime path of "/root/yahboomcar_ws/src/install/champ_msgs/local/lib/python3.10/dist-packages/champ_msgs/champ_msgs_s__rosidl_typesupport_introspection_c.cpython-310-aarch64-linux-gnu.so" to ""
[34.412s] -- Installing: /root/yahboomcar_ws/src/install/champ_msgs/local/lib/python3.10/dist-packages/champ_msgs/champ_msgs_s__rosidl_typesupport_c.cpython-310-aarch64-linux-gnu.so
[34.412s] -- Set runtime path of "/root/yahboomcar_ws/src/install/champ_msgs/local/lib/python3.10/dist-packages/champ_msgs/champ_msgs_s__rosidl_typesupport_c.cpython-310-aarch64-linux-gnu.so" to ""
[34.412s] -- Installing: /root/yahboomcar_ws/src/install/champ_msgs/lib/libchamp_msgs__rosidl_generator_py.so
[34.412s] -- Set runtime path of "/root/yahboomcar_ws/src/install/champ_msgs/lib/libchamp_msgs__rosidl_generator_py.so" to ""
[34.412s] -- Installing: /root/yahboomcar_ws/src/install/champ_msgs/share/champ_msgs/msg/Velocities.idl
[34.413s] -- Installing: /root/yahboomcar_ws/src/install/champ_msgs/share/champ_msgs/msg/PID.idl
[34.420s] -- Installing: /root/yahboomcar_ws/src/install/champ_msgs/share/champ_msgs/msg/Imu.idl
[34.420s] -- Installing: /root/yahboomcar_ws/src/install/champ_msgs/share/champ_msgs/msg/Point.idl
[34.420s] -- Installing: /root/yahboomcar_ws/src/install/champ_msgs/share/champ_msgs/msg/PointArray.idl
[34.420s] -- Installing: /root/yahboomcar_ws/src/install/champ_msgs/share/champ_msgs/msg/Joints.idl
[34.420s] -- Installing: /root/yahboomcar_ws/src/install/champ_msgs/share/champ_msgs/msg/Contacts.idl
[34.420s] -- Installing: /root/yahboomcar_ws/src/install/champ_msgs/share/champ_msgs/msg/ContactsStamped.idl
[34.420s] -- Installing: /root/yahboomcar_ws/src/install/champ_msgs/share/champ_msgs/msg/Pose.idl
[34.421s] -- Installing: /root/yahboomcar_ws/src/install/champ_msgs/share/champ_msgs/msg/Velocities.msg
[34.421s] -- Installing: /root/yahboomcar_ws/src/install/champ_msgs/share/champ_msgs/msg/PID.msg
[34.432s] -- Installing: /root/yahboomcar_ws/src/install/champ_msgs/share/champ_msgs/msg/Imu.msg
[34.432s] -- Installing: /root/yahboomcar_ws/src/install/champ_msgs/share/champ_msgs/msg/Point.msg
[34.432s] -- Installing: /root/yahboomcar_ws/src/install/champ_msgs/share/champ_msgs/msg/PointArray.msg
[34.432s] -- Installing: /root/yahboomcar_ws/src/install/champ_msgs/share/champ_msgs/msg/Joints.msg
[34.432s] -- Installing: /root/yahboomcar_ws/src/install/champ_msgs/share/champ_msgs/msg/Contacts.msg
[34.432s] -- Installing: /root/yahboomcar_ws/src/install/champ_msgs/share/champ_msgs/msg/ContactsStamped.msg
[34.432s] -- Installing: /root/yahboomcar_ws/src/install/champ_msgs/share/champ_msgs/msg/Pose.msg
[34.432s] -- Installing: /root/yahboomcar_ws/src/install/champ_msgs/share/ament_index/resource_index/package_run_dependencies/champ_msgs
[34.435s] -- Installing: /root/yahboomcar_ws/src/install/champ_msgs/share/ament_index/resource_index/parent_prefix_path/champ_msgs
[34.435s] -- Installing: /root/yahboomcar_ws/src/install/champ_msgs/share/champ_msgs/environment/ament_prefix_path.sh
[34.435s] -- Installing: /root/yahboomcar_ws/src/install/champ_msgs/share/champ_msgs/environment/ament_prefix_path.dsv
[34.436s] -- Installing: /root/yahboomcar_ws/src/install/champ_msgs/share/champ_msgs/environment/path.sh
[34.436s] -- Installing: /root/yahboomcar_ws/src/install/champ_msgs/share/champ_msgs/environment/path.dsv
[34.436s] -- Installing: /root/yahboomcar_ws/src/install/champ_msgs/share/champ_msgs/local_setup.bash
[34.436s] -- Installing: /root/yahboomcar_ws/src/install/champ_msgs/share/champ_msgs/local_setup.sh
[34.436s] -- Installing: /root/yahboomcar_ws/src/install/champ_msgs/share/champ_msgs/local_setup.zsh
[34.436s] -- Installing: /root/yahboomcar_ws/src/install/champ_msgs/share/champ_msgs/local_setup.dsv
[34.436s] -- Installing: /root/yahboomcar_ws/src/install/champ_msgs/share/champ_msgs/package.dsv
[34.442s] -- Installing: /root/yahboomcar_ws/src/install/champ_msgs/share/ament_index/resource_index/packages/champ_msgs
[34.442s] -- Installing: /root/yahboomcar_ws/src/install/champ_msgs/share/champ_msgs/cmake/export_champ_msgs__rosidl_generator_cExport.cmake
[34.442s] -- Installing: /root/yahboomcar_ws/src/install/champ_msgs/share/champ_msgs/cmake/export_champ_msgs__rosidl_generator_cExport-noconfig.cmake
[34.443s] -- Installing: /root/yahboomcar_ws/src/install/champ_msgs/share/champ_msgs/cmake/export_champ_msgs__rosidl_typesupport_fastrtps_cExport.cmake
[34.443s] -- Installing: /root/yahboomcar_ws/src/install/champ_msgs/share/champ_msgs/cmake/export_champ_msgs__rosidl_typesupport_fastrtps_cExport-noconfig.cmake
[34.443s] -- Installing: /root/yahboomcar_ws/src/install/champ_msgs/share/champ_msgs/cmake/champ_msgs__rosidl_typesupport_introspection_cExport.cmake
[34.443s] -- Installing: /root/yahboomcar_ws/src/install/champ_msgs/share/champ_msgs/cmake/champ_msgs__rosidl_typesupport_introspection_cExport-noconfig.cmake
[34.451s] -- Installing: /root/yahboomcar_ws/src/install/champ_msgs/share/champ_msgs/cmake/champ_msgs__rosidl_typesupport_cExport.cmake
[34.452s] -- Installing: /root/yahboomcar_ws/src/install/champ_msgs/share/champ_msgs/cmake/champ_msgs__rosidl_typesupport_cExport-noconfig.cmake
[34.452s] -- Installing: /root/yahboomcar_ws/src/install/champ_msgs/share/champ_msgs/cmake/export_champ_msgs__rosidl_generator_cppExport.cmake
[34.452s] -- Installing: /root/yahboomcar_ws/src/install/champ_msgs/share/champ_msgs/cmake/export_champ_msgs__rosidl_typesupport_fastrtps_cppExport.cmake
[34.452s] -- Installing: /root/yahboomcar_ws/src/install/champ_msgs/share/champ_msgs/cmake/export_champ_msgs__rosidl_typesupport_fastrtps_cppExport-noconfig.cmake
[34.452s] -- Installing: /root/yahboomcar_ws/src/install/champ_msgs/share/champ_msgs/cmake/champ_msgs__rosidl_typesupport_introspection_cppExport.cmake
[34.452s] -- Installing: /root/yahboomcar_ws/src/install/champ_msgs/share/champ_msgs/cmake/champ_msgs__rosidl_typesupport_introspection_cppExport-noconfig.cmake
[34.452s] -- Installing: /root/yahboomcar_ws/src/install/champ_msgs/share/champ_msgs/cmake/champ_msgs__rosidl_typesupport_cppExport.cmake
[34.452s] -- Installing: /root/yahboomcar_ws/src/install/champ_msgs/share/champ_msgs/cmake/champ_msgs__rosidl_typesupport_cppExport-noconfig.cmake
[34.452s] -- Installing: /root/yahboomcar_ws/src/install/champ_msgs/share/champ_msgs/cmake/export_champ_msgs__rosidl_generator_pyExport.cmake
[34.452s] -- Installing: /root/yahboomcar_ws/src/install/champ_msgs/share/champ_msgs/cmake/export_champ_msgs__rosidl_generator_pyExport-noconfig.cmake
[34.456s] -- Installing: /root/yahboomcar_ws/src/install/champ_msgs/share/champ_msgs/cmake/rosidl_cmake-extras.cmake
[34.456s] -- Installing: /root/yahboomcar_ws/src/install/champ_msgs/share/champ_msgs/cmake/ament_cmake_export_dependencies-extras.cmake
[34.456s] -- Installing: /root/yahboomcar_ws/src/install/champ_msgs/share/champ_msgs/cmake/ament_cmake_export_include_directories-extras.cmake
[34.456s] -- Installing: /root/yahboomcar_ws/src/install/champ_msgs/share/champ_msgs/cmake/ament_cmake_export_libraries-extras.cmake
[34.461s] -- Installing: /root/yahboomcar_ws/src/install/champ_msgs/share/champ_msgs/cmake/ament_cmake_export_targets-extras.cmake
[34.461s] -- Installing: /root/yahboomcar_ws/src/install/champ_msgs/share/champ_msgs/cmake/rosidl_cmake_export_typesupport_targets-extras.cmake
[34.461s] -- Installing: /root/yahboomcar_ws/src/install/champ_msgs/share/champ_msgs/cmake/rosidl_cmake_export_typesupport_libraries-extras.cmake
[34.461s] -- Installing: /root/yahboomcar_ws/src/install/champ_msgs/share/champ_msgs/cmake/champ_msgsConfig.cmake
[34.461s] -- Installing: /root/yahboomcar_ws/src/install/champ_msgs/share/champ_msgs/cmake/champ_msgsConfig-version.cmake
[34.462s] -- Installing: /root/yahboomcar_ws/src/install/champ_msgs/share/champ_msgs/package.xml
[34.470s] Invoked command in '/root/yahboomcar_ws/src/build/champ_msgs' returned '0': CMAKE_PREFIX_PATH=${CMAKE_PREFIX_PATH}:/root/yahboomcar_ws/install/yahboom_laser:/root/yahboomcar_ws/install/yahboom_dog_joint_state:/root/yahboomcar_ws/install/yahboom_description:/root/yahboomcar_ws/install/yahboom_bringup:/root/yahboomcar_ws/install/yahboom_base:/root/yahboomcar_ws/install/yahboom_app_save_map:/root/yahboomcar_ws/install/voice_xgo_ctrl_run:/root/yahboomcar_ws/install/tf_publisher:/root/yahboomcar_ws/install/bringup:/opt/ros/humble /usr/bin/cmake --install /root/yahboomcar_ws/src/build/champ_msgs
