running egg_info
creating ../build/yahboom_dog_joint_state/yahboom_dog_joint_state.egg-info
writing ../build/yahboom_dog_joint_state/yahboom_dog_joint_state.egg-info/PKG-INFO
writing dependency_links to ../build/yahboom_dog_joint_state/yahboom_dog_joint_state.egg-info/dependency_links.txt
writing entry points to ../build/yahboom_dog_joint_state/yahboom_dog_joint_state.egg-info/entry_points.txt
writing requirements to ../build/yahboom_dog_joint_state/yahboom_dog_joint_state.egg-info/requires.txt
writing top-level names to ../build/yahboom_dog_joint_state/yahboom_dog_joint_state.egg-info/top_level.txt
writing manifest file '../build/yahboom_dog_joint_state/yahboom_dog_joint_state.egg-info/SOURCES.txt'
reading manifest file '../build/yahboom_dog_joint_state/yahboom_dog_joint_state.egg-info/SOURCES.txt'
writing manifest file '../build/yahboom_dog_joint_state/yahboom_dog_joint_state.egg-info/SOURCES.txt'
running build
running build_py
creating /root/yahboomcar_ws/src/build/yahboom_dog_joint_state/build
creating /root/yahboomcar_ws/src/build/yahboom_dog_joint_state/build/lib
creating /root/yahboomcar_ws/src/build/yahboom_dog_joint_state/build/lib/yahboom_dog_joint_state
copying yahboom_dog_joint_state/test.py -> /root/yahboomcar_ws/src/build/yahboom_dog_joint_state/build/lib/yahboom_dog_joint_state
copying yahboom_dog_joint_state/yahboomcar_joint_state.py -> /root/yahboomcar_ws/src/build/yahboom_dog_joint_state/build/lib/yahboom_dog_joint_state
copying yahboom_dog_joint_state/__init__.py -> /root/yahboomcar_ws/src/build/yahboom_dog_joint_state/build/lib/yahboom_dog_joint_state
running install
running install_lib
creating /root/yahboomcar_ws/src/install/yahboom_dog_joint_state/lib/python3.10/site-packages/yahboom_dog_joint_state
copying /root/yahboomcar_ws/src/build/yahboom_dog_joint_state/build/lib/yahboom_dog_joint_state/test.py -> /root/yahboomcar_ws/src/install/yahboom_dog_joint_state/lib/python3.10/site-packages/yahboom_dog_joint_state
copying /root/yahboomcar_ws/src/build/yahboom_dog_joint_state/build/lib/yahboom_dog_joint_state/yahboomcar_joint_state.py -> /root/yahboomcar_ws/src/install/yahboom_dog_joint_state/lib/python3.10/site-packages/yahboom_dog_joint_state
copying /root/yahboomcar_ws/src/build/yahboom_dog_joint_state/build/lib/yahboom_dog_joint_state/__init__.py -> /root/yahboomcar_ws/src/install/yahboom_dog_joint_state/lib/python3.10/site-packages/yahboom_dog_joint_state
byte-compiling /root/yahboomcar_ws/src/install/yahboom_dog_joint_state/lib/python3.10/site-packages/yahboom_dog_joint_state/test.py to test.cpython-310.pyc
byte-compiling /root/yahboomcar_ws/src/install/yahboom_dog_joint_state/lib/python3.10/site-packages/yahboom_dog_joint_state/yahboomcar_joint_state.py to yahboomcar_joint_state.cpython-310.pyc
byte-compiling /root/yahboomcar_ws/src/install/yahboom_dog_joint_state/lib/python3.10/site-packages/yahboom_dog_joint_state/__init__.py to __init__.cpython-310.pyc
running install_data
creating /root/yahboomcar_ws/src/install/yahboom_dog_joint_state/share/ament_index
creating /root/yahboomcar_ws/src/install/yahboom_dog_joint_state/share/ament_index/resource_index
creating /root/yahboomcar_ws/src/install/yahboom_dog_joint_state/share/ament_index/resource_index/packages
copying resource/yahboom_dog_joint_state -> /root/yahboomcar_ws/src/install/yahboom_dog_joint_state/share/ament_index/resource_index/packages
copying package.xml -> /root/yahboomcar_ws/src/install/yahboom_dog_joint_state/share/yahboom_dog_joint_state
copying launch/yahboom_dog_joint_state.launch.py -> /root/yahboomcar_ws/src/install/yahboom_dog_joint_state/share/yahboom_dog_joint_state
running install_egg_info
Copying ../build/yahboom_dog_joint_state/yahboom_dog_joint_state.egg-info to /root/yahboomcar_ws/src/install/yahboom_dog_joint_state/lib/python3.10/site-packages/yahboom_dog_joint_state-0.0.0-py3.10.egg-info
running install_scripts
Installing yahboomcar_joint_state script to /root/yahboomcar_ws/src/install/yahboom_dog_joint_state/lib/yahboom_dog_joint_state
writing list of installed files to '/root/yahboomcar_ws/src/build/yahboom_dog_joint_state/install.log'
