[0.027s] Invoking command in '/root/yahboomcar_ws/src/build/ydlidar_ros2_driver': CMAKE_PREFIX_PATH=${CMAKE_PREFIX_PATH}:/root/yahboomcar_ws/install/yahboom_laser:/root/yahboomcar_ws/install/yahboom_dog_joint_state:/root/yahboomcar_ws/install/yahboom_description:/root/yahboomcar_ws/install/yahboom_bringup:/root/yahboomcar_ws/install/yahboom_base:/root/yahboomcar_ws/install/yahboom_app_save_map:/root/yahboomcar_ws/install/voice_xgo_ctrl_run:/root/yahboomcar_ws/install/tf_publisher:/root/yahboomcar_ws/install/bringup:/opt/ros/humble /usr/bin/cmake /root/yahboomcar_ws/src/yahboomcar_ydlidar -DCMAKE_INSTALL_PREFIX=/root/yahboomcar_ws/src/install/ydlidar_ros2_driver
[0.256s] -- The C compiler identification is GNU 11.4.0
[0.483s] -- The CXX compiler identification is GNU 11.4.0
[0.512s] -- Detecting C compiler ABI info
[0.807s] -- Detecting C compiler ABI info - done
[0.829s] -- Check for working C compiler: /usr/bin/cc - skipped
[0.837s] -- Detecting C compile features
[0.838s] -- Detecting C compile features - done
[0.844s] -- Detecting CXX compiler ABI info
[1.093s] -- Detecting CXX compiler ABI info - done
[1.121s] -- Check for working CXX compiler: /usr/bin/c++ - skipped
[1.122s] -- Detecting CXX compile features
[1.122s] -- Detecting CXX compile features - done
[1.131s] -- Found ament_cmake: 1.3.8 (/opt/ros/humble/share/ament_cmake/cmake)
[1.832s] -- Found Python3: /usr/bin/python3 (found version "3.10.12") found components: Interpreter 
[2.170s] -- Found rclcpp: 16.0.8 (/opt/ros/humble/share/rclcpp/cmake)
[2.373s] -- Found rosidl_generator_c: 3.1.5 (/opt/ros/humble/share/rosidl_generator_c/cmake)
[2.402s] -- Found rosidl_adapter: 3.1.5 (/opt/ros/humble/share/rosidl_adapter/cmake)
[2.427s] -- Found rosidl_generator_cpp: 3.1.5 (/opt/ros/humble/share/rosidl_generator_cpp/cmake)
[2.460s] -- Using all available rosidl_typesupport_c: rosidl_typesupport_fastrtps_c;rosidl_typesupport_introspection_c
[2.517s] -- Using all available rosidl_typesupport_cpp: rosidl_typesupport_fastrtps_cpp;rosidl_typesupport_introspection_cpp
[2.869s] -- Found rmw_implementation_cmake: 6.1.1 (/opt/ros/humble/share/rmw_implementation_cmake/cmake)
[2.892s] -- Found rmw_fastrtps_cpp: 6.2.6 (/opt/ros/humble/share/rmw_fastrtps_cpp/cmake)
[3.221s] -- Found OpenSSL: /usr/lib/aarch64-linux-gnu/libcrypto.so (found version "3.0.2")  
[3.341s] -- Found FastRTPS: /opt/ros/humble/include  
[3.468s] -- Using RMW implementation 'rmw_fastrtps_cpp' as default
[3.509s] -- Looking for pthread.h
[3.675s] -- Looking for pthread.h - found
[3.677s] -- Performing Test CMAKE_HAVE_LIBC_PTHREAD
[3.891s] -- Performing Test CMAKE_HAVE_LIBC_PTHREAD - Success
[3.891s] -- Found Threads: TRUE  
[4.196s] -- Found sensor_msgs: 4.2.3 (/opt/ros/humble/share/sensor_msgs/cmake)
[4.428s] -- Found visualization_msgs: 4.2.3 (/opt/ros/humble/share/visualization_msgs/cmake)
[4.631s] -- Found std_srvs: 4.2.3 (/opt/ros/humble/share/std_srvs/cmake)
[4.683s] -- Found ament_lint_auto: 0.12.10 (/opt/ros/humble/share/ament_lint_auto/cmake)
[4.969s] -- Added test 'copyright' to check source files copyright and LICENSE
[4.989s] -- Added test 'cppcheck' to perform static code analysis on C / C++ code
[4.990s] -- Configured cppcheck include dirs: /root/yahboomcar_ws/src/yahboomcar_ydlidar/src
[4.990s] -- Configured cppcheck exclude dirs and/or files: 
[4.991s] -- Added test 'cpplint' to check C / C++ code against the Google style
[4.991s] -- Configured cpplint exclude dirs and/or files: 
[5.005s] -- Added test 'flake8' to check Python code syntax and style conventions
[5.013s] -- Added test 'lint_cmake' to check CMake code style
[5.026s] -- Added test 'pep257' to check Python code against some of the docstring style conventions in PEP 257
[5.046s] -- Added test 'uncrustify' to check C / C++ code style
[5.046s] -- Configured uncrustify additional arguments: 
[5.048s] -- Added test 'xmllint' to check XML markup files
[5.050s] -- Configuring done
[5.078s] -- Generating done
[5.085s] -- Build files have been written to: /root/yahboomcar_ws/src/build/ydlidar_ros2_driver
[5.106s] Invoked command in '/root/yahboomcar_ws/src/build/ydlidar_ros2_driver' returned '0': CMAKE_PREFIX_PATH=${CMAKE_PREFIX_PATH}:/root/yahboomcar_ws/install/yahboom_laser:/root/yahboomcar_ws/install/yahboom_dog_joint_state:/root/yahboomcar_ws/install/yahboom_description:/root/yahboomcar_ws/install/yahboom_bringup:/root/yahboomcar_ws/install/yahboom_base:/root/yahboomcar_ws/install/yahboom_app_save_map:/root/yahboomcar_ws/install/voice_xgo_ctrl_run:/root/yahboomcar_ws/install/tf_publisher:/root/yahboomcar_ws/install/bringup:/opt/ros/humble /usr/bin/cmake /root/yahboomcar_ws/src/yahboomcar_ydlidar -DCMAKE_INSTALL_PREFIX=/root/yahboomcar_ws/src/install/ydlidar_ros2_driver
[5.107s] Invoking command in '/root/yahboomcar_ws/src/build/ydlidar_ros2_driver': CMAKE_PREFIX_PATH=${CMAKE_PREFIX_PATH}:/root/yahboomcar_ws/install/yahboom_laser:/root/yahboomcar_ws/install/yahboom_dog_joint_state:/root/yahboomcar_ws/install/yahboom_description:/root/yahboomcar_ws/install/yahboom_bringup:/root/yahboomcar_ws/install/yahboom_base:/root/yahboomcar_ws/install/yahboom_app_save_map:/root/yahboomcar_ws/install/voice_xgo_ctrl_run:/root/yahboomcar_ws/install/tf_publisher:/root/yahboomcar_ws/install/bringup:/opt/ros/humble /usr/bin/cmake --build /root/yahboomcar_ws/src/build/ydlidar_ros2_driver -- -j4 -l4
[5.202s] [ 25%] [32mBuilding CXX object CMakeFiles/ydlidar_ros2_driver_node.dir/src/ydlidar_ros2_driver_node.cpp.o[0m
[5.221s] [ 50%] [32mBuilding CXX object CMakeFiles/ydlidar_ros2_driver_client.dir/src/ydlidar_ros2_driver_client.cpp.o[0m
[11.168s] [01m[K/root/yahboomcar_ws/src/yahboomcar_ydlidar/src/ydlidar_ros2_driver_node.cpp:[m[K In lambda function:
[11.168s] [01m[K/root/yahboomcar_ws/src/yahboomcar_ydlidar/src/ydlidar_ros2_driver_node.cpp:169:54:[m[K [01;35m[Kwarning: [m[Kunused parameter ‘[01m[Krequest_header[m[K’ [[01;35m[K-Wunused-parameter[m[K]
[11.168s]   169 |     [&laser]([01;35m[Kconst std::shared_ptr<rmw_request_id_t> request_header[m[K,
[11.168s]       |              [01;35m[K~~~~~~~~~~~~~~~~~~~~~~~~~~~~~~~~~~~~~~~~^~~~~~~~~~~~~~[m[K
[11.168s] [01m[K/root/yahboomcar_ws/src/yahboomcar_ydlidar/src/ydlidar_ros2_driver_node.cpp:170:56:[m[K [01;35m[Kwarning: [m[Kunused parameter ‘[01m[Kreq[m[K’ [[01;35m[K-Wunused-parameter[m[K]
[11.168s]   170 |   [01;35m[Kconst std::shared_ptr<std_srvs::srv::Empty::Request> req[m[K,
[11.168s]       |   [01;35m[K~~~~~~~~~~~~~~~~~~~~~~~~~~~~~~~~~~~~~~~~~~~~~~~~~~~~~^~~[m[K
[11.168s] [01m[K/root/yahboomcar_ws/src/yahboomcar_ydlidar/src/ydlidar_ros2_driver_node.cpp:171:51:[m[K [01;35m[Kwarning: [m[Kunused parameter ‘[01m[Kresponse[m[K’ [[01;35m[K-Wunused-parameter[m[K]
[11.168s]   171 |   [01;35m[Kstd::shared_ptr<std_srvs::srv::Empty::Response> response[m[K) -> bool
[11.169s]       |   [01;35m[K~~~~~~~~~~~~~~~~~~~~~~~~~~~~~~~~~~~~~~~~~~~~~~~~^~~~~~~~[m[K
[11.191s] [01m[K/root/yahboomcar_ws/src/yahboomcar_ydlidar/src/ydlidar_ros2_driver_node.cpp:[m[K In lambda function:
[11.191s] [01m[K/root/yahboomcar_ws/src/yahboomcar_ydlidar/src/ydlidar_ros2_driver_node.cpp:179:54:[m[K [01;35m[Kwarning: [m[Kunused parameter ‘[01m[Krequest_header[m[K’ [[01;35m[K-Wunused-parameter[m[K]
[11.191s]   179 |     [&laser]([01;35m[Kconst std::shared_ptr<rmw_request_id_t> request_header[m[K,
[11.191s]       |              [01;35m[K~~~~~~~~~~~~~~~~~~~~~~~~~~~~~~~~~~~~~~~~^~~~~~~~~~~~~~[m[K
[11.191s] [01m[K/root/yahboomcar_ws/src/yahboomcar_ydlidar/src/ydlidar_ros2_driver_node.cpp:180:56:[m[K [01;35m[Kwarning: [m[Kunused parameter ‘[01m[Kreq[m[K’ [[01;35m[K-Wunused-parameter[m[K]
[11.191s]   180 |   [01;35m[Kconst std::shared_ptr<std_srvs::srv::Empty::Request> req[m[K,
[11.191s]       |   [01;35m[K~~~~~~~~~~~~~~~~~~~~~~~~~~~~~~~~~~~~~~~~~~~~~~~~~~~~~^~~[m[K
[11.191s] [01m[K/root/yahboomcar_ws/src/yahboomcar_ydlidar/src/ydlidar_ros2_driver_node.cpp:181:51:[m[K [01;35m[Kwarning: [m[Kunused parameter ‘[01m[Kresponse[m[K’ [[01;35m[K-Wunused-parameter[m[K]
[11.191s]   181 |   [01;35m[Kstd::shared_ptr<std_srvs::srv::Empty::Response> response[m[K) -> bool
[11.191s]       |   [01;35m[K~~~~~~~~~~~~~~~~~~~~~~~~~~~~~~~~~~~~~~~~~~~~~~~~^~~~~~~~[m[K
[16.430s] [ 75%] [32m[1mLinking CXX executable ydlidar_ros2_driver_node[0m
[17.228s] [ 75%] Built target ydlidar_ros2_driver_node
[19.920s] [100%] [32m[1mLinking CXX executable ydlidar_ros2_driver_client[0m
[20.790s] [100%] Built target ydlidar_ros2_driver_client
