[0.460s] Invoking command in '/root/yahboomcar_ws/src/build/champ': CMAKE_PREFIX_PATH=${CMAKE_PREFIX_PATH}:/root/yahboomcar_ws/install/yahboom_laser:/root/yahboomcar_ws/install/yahboom_dog_joint_state:/root/yahboomcar_ws/install/yahboom_description:/root/yahboomcar_ws/install/yahboom_bringup:/root/yahboomcar_ws/install/yahboom_base:/root/yahboomcar_ws/install/yahboom_app_save_map:/root/yahboomcar_ws/install/voice_xgo_ctrl_run:/root/yahboomcar_ws/install/tf_publisher:/root/yahboomcar_ws/install/bringup:/opt/ros/humble /usr/bin/cmake /root/yahboomcar_ws/src/champ -DCMAKE_INSTALL_PREFIX=/root/yahboomcar_ws/src/install/champ
[0.587s] -- The C compiler identification is GNU 11.4.0
[0.708s] -- The CXX compiler identification is GNU 11.4.0
[0.734s] -- Detecting C compiler ABI info
[0.893s] -- Detecting C compiler ABI info - done
[0.903s] -- Check for working C compiler: /usr/bin/cc - skipped
[0.904s] -- Detecting C compile features
[0.909s] -- Detecting C compile features - done
[0.909s] -- Detecting CXX compiler ABI info
[1.073s] -- Detecting CXX compiler ABI info - done
[1.097s] -- Check for working CXX compiler: /usr/bin/c++ - skipped
[1.098s] -- Detecting CXX compile features
[1.102s] -- Detecting CXX compile features - done
[1.113s] -- Found ament_cmake: 1.3.8 (/opt/ros/humble/share/ament_cmake/cmake)
[1.486s] -- Found Python3: /usr/bin/python3 (found version "3.10.12") found components: Interpreter 
[1.710s] -- Found rclcpp: 16.0.8 (/opt/ros/humble/share/rclcpp/cmake)
[1.821s] -- Found rosidl_generator_c: 3.1.5 (/opt/ros/humble/share/rosidl_generator_c/cmake)
[1.833s] -- Found rosidl_adapter: 3.1.5 (/opt/ros/humble/share/rosidl_adapter/cmake)
[1.865s] -- Found rosidl_generator_cpp: 3.1.5 (/opt/ros/humble/share/rosidl_generator_cpp/cmake)
[1.899s] -- Using all available rosidl_typesupport_c: rosidl_typesupport_fastrtps_c;rosidl_typesupport_introspection_c
[1.960s] -- Using all available rosidl_typesupport_cpp: rosidl_typesupport_fastrtps_cpp;rosidl_typesupport_introspection_cpp
[2.153s] -- Found rmw_implementation_cmake: 6.1.1 (/opt/ros/humble/share/rmw_implementation_cmake/cmake)
[2.167s] -- Found rmw_fastrtps_cpp: 6.2.6 (/opt/ros/humble/share/rmw_fastrtps_cpp/cmake)
[2.385s] -- Found OpenSSL: /usr/lib/aarch64-linux-gnu/libcrypto.so (found version "3.0.2")  
[2.450s] -- Found FastRTPS: /opt/ros/humble/include  
[2.548s] -- Using RMW implementation 'rmw_fastrtps_cpp' as default
[2.576s] -- Looking for pthread.h
[2.720s] -- Looking for pthread.h - found
[2.720s] -- Performing Test CMAKE_HAVE_LIBC_PTHREAD
[2.894s] -- Performing Test CMAKE_HAVE_LIBC_PTHREAD - Success
[2.894s] -- Found Threads: TRUE  
[3.231s] -- Found ament_lint_auto: 0.12.10 (/opt/ros/humble/share/ament_lint_auto/cmake)
[3.419s] -- Configuring done
[3.426s] -- Generating done
[3.428s] -- Build files have been written to: /root/yahboomcar_ws/src/build/champ
[3.470s] Invoked command in '/root/yahboomcar_ws/src/build/champ' returned '0': CMAKE_PREFIX_PATH=${CMAKE_PREFIX_PATH}:/root/yahboomcar_ws/install/yahboom_laser:/root/yahboomcar_ws/install/yahboom_dog_joint_state:/root/yahboomcar_ws/install/yahboom_description:/root/yahboomcar_ws/install/yahboom_bringup:/root/yahboomcar_ws/install/yahboom_base:/root/yahboomcar_ws/install/yahboom_app_save_map:/root/yahboomcar_ws/install/voice_xgo_ctrl_run:/root/yahboomcar_ws/install/tf_publisher:/root/yahboomcar_ws/install/bringup:/opt/ros/humble /usr/bin/cmake /root/yahboomcar_ws/src/champ -DCMAKE_INSTALL_PREFIX=/root/yahboomcar_ws/src/install/champ
[3.470s] Invoking command in '/root/yahboomcar_ws/src/build/champ': CMAKE_PREFIX_PATH=${CMAKE_PREFIX_PATH}:/root/yahboomcar_ws/install/yahboom_laser:/root/yahboomcar_ws/install/yahboom_dog_joint_state:/root/yahboomcar_ws/install/yahboom_description:/root/yahboomcar_ws/install/yahboom_bringup:/root/yahboomcar_ws/install/yahboom_base:/root/yahboomcar_ws/install/yahboom_app_save_map:/root/yahboomcar_ws/install/voice_xgo_ctrl_run:/root/yahboomcar_ws/install/tf_publisher:/root/yahboomcar_ws/install/bringup:/opt/ros/humble /usr/bin/cmake --build /root/yahboomcar_ws/src/build/champ -- -j4 -l4
[3.530s] Invoked command in '/root/yahboomcar_ws/src/build/champ' returned '0': CMAKE_PREFIX_PATH=${CMAKE_PREFIX_PATH}:/root/yahboomcar_ws/install/yahboom_laser:/root/yahboomcar_ws/install/yahboom_dog_joint_state:/root/yahboomcar_ws/install/yahboom_description:/root/yahboomcar_ws/install/yahboom_bringup:/root/yahboomcar_ws/install/yahboom_base:/root/yahboomcar_ws/install/yahboom_app_save_map:/root/yahboomcar_ws/install/voice_xgo_ctrl_run:/root/yahboomcar_ws/install/tf_publisher:/root/yahboomcar_ws/install/bringup:/opt/ros/humble /usr/bin/cmake --build /root/yahboomcar_ws/src/build/champ -- -j4 -l4
[3.586s] Invoking command in '/root/yahboomcar_ws/src/build/champ': CMAKE_PREFIX_PATH=${CMAKE_PREFIX_PATH}:/root/yahboomcar_ws/install/yahboom_laser:/root/yahboomcar_ws/install/yahboom_dog_joint_state:/root/yahboomcar_ws/install/yahboom_description:/root/yahboomcar_ws/install/yahboom_bringup:/root/yahboomcar_ws/install/yahboom_base:/root/yahboomcar_ws/install/yahboom_app_save_map:/root/yahboomcar_ws/install/voice_xgo_ctrl_run:/root/yahboomcar_ws/install/tf_publisher:/root/yahboomcar_ws/install/bringup:/opt/ros/humble /usr/bin/cmake --install /root/yahboomcar_ws/src/build/champ
[3.597s] -- Install configuration: ""
[3.597s] -- Installing: /root/yahboomcar_ws/src/install/champ/include
[3.597s] -- Installing: /root/yahboomcar_ws/src/install/champ/include/champ
[3.597s] -- Installing: /root/yahboomcar_ws/src/install/champ/include/champ/quadruped_base
[3.597s] -- Installing: /root/yahboomcar_ws/src/install/champ/include/champ/quadruped_base/quadruped_leg.h
[3.597s] -- Installing: /root/yahboomcar_ws/src/install/champ/include/champ/quadruped_base/quadruped_components.h
[3.597s] -- Installing: /root/yahboomcar_ws/src/install/champ/include/champ/quadruped_base/quadruped_base.h
[3.597s] -- Installing: /root/yahboomcar_ws/src/install/champ/include/champ/quadruped_base/quadruped_joint.h
[3.599s] -- Installing: /root/yahboomcar_ws/src/install/champ/include/champ/kinematics
[3.599s] -- Installing: /root/yahboomcar_ws/src/install/champ/include/champ/kinematics/kinematics.h
[3.599s] -- Installing: /root/yahboomcar_ws/src/install/champ/include/champ/README.md
[3.599s] -- Installing: /root/yahboomcar_ws/src/install/champ/include/champ/body_controller
[3.599s] -- Installing: /root/yahboomcar_ws/src/install/champ/include/champ/body_controller/body_controller.h
[3.599s] -- Installing: /root/yahboomcar_ws/src/install/champ/include/champ/geometry
[3.599s] -- Installing: /root/yahboomcar_ws/src/install/champ/include/champ/geometry/geometry.h
[3.599s] -- Installing: /root/yahboomcar_ws/src/install/champ/include/champ/leg_controller
[3.599s] -- Installing: /root/yahboomcar_ws/src/install/champ/include/champ/leg_controller/trajectory_planner.h
[3.600s] -- Installing: /root/yahboomcar_ws/src/install/champ/include/champ/leg_controller/leg_controller.h
[3.601s] -- Installing: /root/yahboomcar_ws/src/install/champ/include/champ/leg_controller/phase_generator.h
[3.601s] -- Installing: /root/yahboomcar_ws/src/install/champ/include/champ/macros
[3.601s] -- Installing: /root/yahboomcar_ws/src/install/champ/include/champ/macros/macros.h
[3.601s] -- Installing: /root/yahboomcar_ws/src/install/champ/include/champ/utils
[3.601s] -- Installing: /root/yahboomcar_ws/src/install/champ/include/champ/utils/urdf_loader.h
[3.601s] -- Installing: /root/yahboomcar_ws/src/install/champ/include/champ/utils/xmlrpc_helpers.h
[3.601s] -- Installing: /root/yahboomcar_ws/src/install/champ/include/champ/LICENSE
[3.607s] -- Installing: /root/yahboomcar_ws/src/install/champ/include/champ/bla
[3.609s] -- Installing: /root/yahboomcar_ws/src/install/champ/include/champ/bla/basic_linear_algebra.h
[3.609s] -- Installing: /root/yahboomcar_ws/src/install/champ/include/champ/bla/memory_delegate.h
[3.609s] -- Installing: /root/yahboomcar_ws/src/install/champ/include/champ/odometry
[3.610s] -- Installing: /root/yahboomcar_ws/src/install/champ/include/champ/odometry/odometry.h
[3.610s] -- Installing: /root/yahboomcar_ws/src/install/champ/share/ament_index/resource_index/package_run_dependencies/champ
[3.610s] -- Installing: /root/yahboomcar_ws/src/install/champ/share/ament_index/resource_index/parent_prefix_path/champ
[3.610s] -- Installing: /root/yahboomcar_ws/src/install/champ/share/champ/environment/ament_prefix_path.sh
[3.610s] -- Installing: /root/yahboomcar_ws/src/install/champ/share/champ/environment/ament_prefix_path.dsv
[3.610s] -- Installing: /root/yahboomcar_ws/src/install/champ/share/champ/environment/path.sh
[3.610s] -- Installing: /root/yahboomcar_ws/src/install/champ/share/champ/environment/path.dsv
[3.611s] -- Installing: /root/yahboomcar_ws/src/install/champ/share/champ/local_setup.bash
[3.611s] -- Installing: /root/yahboomcar_ws/src/install/champ/share/champ/local_setup.sh
[3.611s] -- Installing: /root/yahboomcar_ws/src/install/champ/share/champ/local_setup.zsh
[3.612s] -- Installing: /root/yahboomcar_ws/src/install/champ/share/champ/local_setup.dsv
[3.612s] -- Installing: /root/yahboomcar_ws/src/install/champ/share/champ/package.dsv
[3.612s] -- Installing: /root/yahboomcar_ws/src/install/champ/share/ament_index/resource_index/packages/champ
[3.612s] -- Installing: /root/yahboomcar_ws/src/install/champ/share/champ/cmake/ament_cmake_export_include_directories-extras.cmake
[3.612s] -- Installing: /root/yahboomcar_ws/src/install/champ/share/champ/cmake/champConfig.cmake
[3.612s] -- Installing: /root/yahboomcar_ws/src/install/champ/share/champ/cmake/champConfig-version.cmake
[3.612s] -- Installing: /root/yahboomcar_ws/src/install/champ/share/champ/package.xml
[3.621s] Invoked command in '/root/yahboomcar_ws/src/build/champ' returned '0': CMAKE_PREFIX_PATH=${CMAKE_PREFIX_PATH}:/root/yahboomcar_ws/install/yahboom_laser:/root/yahboomcar_ws/install/yahboom_dog_joint_state:/root/yahboomcar_ws/install/yahboom_description:/root/yahboomcar_ws/install/yahboom_bringup:/root/yahboomcar_ws/install/yahboom_base:/root/yahboomcar_ws/install/yahboom_app_save_map:/root/yahboomcar_ws/install/voice_xgo_ctrl_run:/root/yahboomcar_ws/install/tf_publisher:/root/yahboomcar_ws/install/bringup:/opt/ros/humble /usr/bin/cmake --install /root/yahboomcar_ws/src/build/champ
