running egg_info
creating ../build/yahboom_bringup/yahboom_bringup.egg-info
writing ../build/yahboom_bringup/yahboom_bringup.egg-info/PKG-INFO
writing dependency_links to ../build/yahboom_bringup/yahboom_bringup.egg-info/dependency_links.txt
writing entry points to ../build/yahboom_bringup/yahboom_bringup.egg-info/entry_points.txt
writing requirements to ../build/yahboom_bringup/yahboom_bringup.egg-info/requires.txt
writing top-level names to ../build/yahboom_bringup/yahboom_bringup.egg-info/top_level.txt
writing manifest file '../build/yahboom_bringup/yahboom_bringup.egg-info/SOURCES.txt'
reading manifest file '../build/yahboom_bringup/yahboom_bringup.egg-info/SOURCES.txt'
writing manifest file '../build/yahboom_bringup/yahboom_bringup.egg-info/SOURCES.txt'
running build
running build_py
creating /root/yahboomcar_ws/src/build/yahboom_bringup/build
creating /root/yahboomcar_ws/src/build/yahboom_bringup/build/lib
creating /root/yahboomcar_ws/src/build/yahboom_bringup/build/lib/yahboom_bringup
copying yahboom_bringup/__init__.py -> /root/yahboomcar_ws/src/build/yahboom_bringup/build/lib/yahboom_bringup
running install
running install_lib
creating /root/yahboomcar_ws/src/install/yahboom_bringup/lib/python3.10/site-packages/yahboom_bringup
copying /root/yahboomcar_ws/src/build/yahboom_bringup/build/lib/yahboom_bringup/__init__.py -> /root/yahboomcar_ws/src/install/yahboom_bringup/lib/python3.10/site-packages/yahboom_bringup
byte-compiling /root/yahboomcar_ws/src/install/yahboom_bringup/lib/python3.10/site-packages/yahboom_bringup/__init__.py to __init__.cpython-310.pyc
running install_data
creating /root/yahboomcar_ws/src/install/yahboom_bringup/share/ament_index
creating /root/yahboomcar_ws/src/install/yahboom_bringup/share/ament_index/resource_index
creating /root/yahboomcar_ws/src/install/yahboom_bringup/share/ament_index/resource_index/packages
copying resource/yahboom_bringup -> /root/yahboomcar_ws/src/install/yahboom_bringup/share/ament_index/resource_index/packages
copying package.xml -> /root/yahboomcar_ws/src/install/yahboom_bringup/share/yahboom_bringup
copying launch/Navigation_bringup.launch.py -> /root/yahboomcar_ws/src/install/yahboom_bringup/share/yahboom_bringup
copying launch/Mapping_bring.launch.py -> /root/yahboomcar_ws/src/install/yahboom_bringup/share/yahboom_bringup
copying launch/Catographer_localization.launch.py -> /root/yahboomcar_ws/src/install/yahboom_bringup/share/yahboom_bringup
copying launch/Catographer.launch.py -> /root/yahboomcar_ws/src/install/yahboom_bringup/share/yahboom_bringup
copying launch/DogFindColor.launch.py -> /root/yahboomcar_ws/src/install/yahboom_bringup/share/yahboom_bringup
running install_egg_info
Copying ../build/yahboom_bringup/yahboom_bringup.egg-info to /root/yahboomcar_ws/src/install/yahboom_bringup/lib/python3.10/site-packages/yahboom_bringup-0.0.0-py3.10.egg-info
running install_scripts
writing list of installed files to '/root/yahboomcar_ws/src/build/yahboom_bringup/install.log'
