[2.957s] Invoking command in '/root/yahboomcar_ws/src/yahboom_bringup': PYTHONPATH=/root/yahboomcar_ws/src/build/yahboom_bringup/prefix_override:/root/yahboomcar_ws/src/install/yahboom_bringup/lib/python3.10/site-packages:${PYTHONPATH} /usr/bin/python3 -W ignore:setup.py install is deprecated setup.py egg_info --egg-base ../build/yahboom_bringup build --build-base /root/yahboomcar_ws/src/build/yahboom_bringup/build install --record /root/yahboomcar_ws/src/build/yahboom_bringup/install.log --single-version-externally-managed install_data
[4.266s] running egg_info
[4.271s] creating ../build/yahboom_bringup/yahboom_bringup.egg-info
[4.271s] writing ../build/yahboom_bringup/yahboom_bringup.egg-info/PKG-INFO
[4.272s] writing dependency_links to ../build/yahboom_bringup/yahboom_bringup.egg-info/dependency_links.txt
[4.272s] writing entry points to ../build/yahboom_bringup/yahboom_bringup.egg-info/entry_points.txt
[4.273s] writing requirements to ../build/yahboom_bringup/yahboom_bringup.egg-info/requires.txt
[4.273s] writing top-level names to ../build/yahboom_bringup/yahboom_bringup.egg-info/top_level.txt
[4.273s] writing manifest file '../build/yahboom_bringup/yahboom_bringup.egg-info/SOURCES.txt'
[4.282s] reading manifest file '../build/yahboom_bringup/yahboom_bringup.egg-info/SOURCES.txt'
[4.282s] writing manifest file '../build/yahboom_bringup/yahboom_bringup.egg-info/SOURCES.txt'
[4.282s] running build
[4.282s] running build_py
[4.282s] creating /root/yahboomcar_ws/src/build/yahboom_bringup/build
[4.282s] creating /root/yahboomcar_ws/src/build/yahboom_bringup/build/lib
[4.282s] creating /root/yahboomcar_ws/src/build/yahboom_bringup/build/lib/yahboom_bringup
[4.282s] copying yahboom_bringup/__init__.py -> /root/yahboomcar_ws/src/build/yahboom_bringup/build/lib/yahboom_bringup
[4.282s] running install
[4.282s] running install_lib
[4.285s] creating /root/yahboomcar_ws/src/install/yahboom_bringup/lib/python3.10/site-packages/yahboom_bringup
[4.286s] copying /root/yahboomcar_ws/src/build/yahboom_bringup/build/lib/yahboom_bringup/__init__.py -> /root/yahboomcar_ws/src/install/yahboom_bringup/lib/python3.10/site-packages/yahboom_bringup
[4.286s] byte-compiling /root/yahboomcar_ws/src/install/yahboom_bringup/lib/python3.10/site-packages/yahboom_bringup/__init__.py to __init__.cpython-310.pyc
[4.286s] running install_data
[4.286s] creating /root/yahboomcar_ws/src/install/yahboom_bringup/share/ament_index
[4.287s] creating /root/yahboomcar_ws/src/install/yahboom_bringup/share/ament_index/resource_index
[4.287s] creating /root/yahboomcar_ws/src/install/yahboom_bringup/share/ament_index/resource_index/packages
[4.287s] copying resource/yahboom_bringup -> /root/yahboomcar_ws/src/install/yahboom_bringup/share/ament_index/resource_index/packages
[4.287s] copying package.xml -> /root/yahboomcar_ws/src/install/yahboom_bringup/share/yahboom_bringup
[4.287s] copying launch/Navigation_bringup.launch.py -> /root/yahboomcar_ws/src/install/yahboom_bringup/share/yahboom_bringup
[4.293s] copying launch/Mapping_bring.launch.py -> /root/yahboomcar_ws/src/install/yahboom_bringup/share/yahboom_bringup
[4.293s] copying launch/Catographer_localization.launch.py -> /root/yahboomcar_ws/src/install/yahboom_bringup/share/yahboom_bringup
[4.293s] copying launch/Catographer.launch.py -> /root/yahboomcar_ws/src/install/yahboom_bringup/share/yahboom_bringup
[4.293s] copying launch/DogFindColor.launch.py -> /root/yahboomcar_ws/src/install/yahboom_bringup/share/yahboom_bringup
[4.293s] running install_egg_info
[4.294s] Copying ../build/yahboom_bringup/yahboom_bringup.egg-info to /root/yahboomcar_ws/src/install/yahboom_bringup/lib/python3.10/site-packages/yahboom_bringup-0.0.0-py3.10.egg-info
[4.296s] running install_scripts
[4.357s] writing list of installed files to '/root/yahboomcar_ws/src/build/yahboom_bringup/install.log'
[5.009s] Invoked command in '/root/yahboomcar_ws/src/yahboom_bringup' returned '0': PYTHONPATH=/root/yahboomcar_ws/src/build/yahboom_bringup/prefix_override:/root/yahboomcar_ws/src/install/yahboom_bringup/lib/python3.10/site-packages:${PYTHONPATH} /usr/bin/python3 -W ignore:setup.py install is deprecated setup.py egg_info --egg-base ../build/yahboom_bringup build --build-base /root/yahboomcar_ws/src/build/yahboom_bringup/build install --record /root/yahboomcar_ws/src/build/yahboom_bringup/install.log --single-version-externally-managed install_data
