[0.458s] Invoking command in '/root/yahboomcar_ws/src/build/champ_bringup': CMAKE_PREFIX_PATH=${CMAKE_PREFIX_PATH}:/root/yahboomcar_ws/install/yahboom_laser:/root/yahboomcar_ws/install/yahboom_dog_joint_state:/root/yahboomcar_ws/install/yahboom_description:/root/yahboomcar_ws/install/yahboom_bringup:/root/yahboomcar_ws/install/yahboom_base:/root/yahboomcar_ws/install/yahboom_app_save_map:/root/yahboomcar_ws/install/voice_xgo_ctrl_run:/root/yahboomcar_ws/install/tf_publisher:/root/yahboomcar_ws/install/bringup:/opt/ros/humble /usr/bin/cmake /root/yahboomcar_ws/src/champ_bringup -DCMAKE_INSTALL_PREFIX=/root/yahboomcar_ws/src/install/champ_bringup
[0.572s] -- The C compiler identification is GNU 11.4.0
[0.691s] -- The CXX compiler identification is GNU 11.4.0
[0.710s] -- Detecting C compiler ABI info
[0.846s] -- Detecting C compiler ABI info - done
[0.863s] -- Check for working C compiler: /usr/bin/cc - skipped
[0.863s] -- Detecting C compile features
[0.864s] -- Detecting C compile features - done
[0.869s] -- Detecting CXX compiler ABI info
[1.048s] -- Detecting CXX compiler ABI info - done
[1.058s] -- Check for working CXX compiler: /usr/bin/c++ - skipped
[1.058s] -- Detecting CXX compile features
[1.059s] -- Detecting CXX compile features - done
[1.066s] -- Found ament_cmake: 1.3.8 (/opt/ros/humble/share/ament_cmake/cmake)
[1.460s] -- Found Python3: /usr/bin/python3 (found version "3.10.12") found components: Interpreter 
[2.045s] -- Configuring done
[2.053s] -- Generating done
[2.054s] -- Build files have been written to: /root/yahboomcar_ws/src/build/champ_bringup
[2.072s] Invoked command in '/root/yahboomcar_ws/src/build/champ_bringup' returned '0': CMAKE_PREFIX_PATH=${CMAKE_PREFIX_PATH}:/root/yahboomcar_ws/install/yahboom_laser:/root/yahboomcar_ws/install/yahboom_dog_joint_state:/root/yahboomcar_ws/install/yahboom_description:/root/yahboomcar_ws/install/yahboom_bringup:/root/yahboomcar_ws/install/yahboom_base:/root/yahboomcar_ws/install/yahboom_app_save_map:/root/yahboomcar_ws/install/voice_xgo_ctrl_run:/root/yahboomcar_ws/install/tf_publisher:/root/yahboomcar_ws/install/bringup:/opt/ros/humble /usr/bin/cmake /root/yahboomcar_ws/src/champ_bringup -DCMAKE_INSTALL_PREFIX=/root/yahboomcar_ws/src/install/champ_bringup
[2.075s] Invoking command in '/root/yahboomcar_ws/src/build/champ_bringup': CMAKE_PREFIX_PATH=${CMAKE_PREFIX_PATH}:/root/yahboomcar_ws/install/yahboom_laser:/root/yahboomcar_ws/install/yahboom_dog_joint_state:/root/yahboomcar_ws/install/yahboom_description:/root/yahboomcar_ws/install/yahboom_bringup:/root/yahboomcar_ws/install/yahboom_base:/root/yahboomcar_ws/install/yahboom_app_save_map:/root/yahboomcar_ws/install/voice_xgo_ctrl_run:/root/yahboomcar_ws/install/tf_publisher:/root/yahboomcar_ws/install/bringup:/opt/ros/humble /usr/bin/cmake --build /root/yahboomcar_ws/src/build/champ_bringup -- -j4 -l4
[2.198s] Built target ament_cmake_python_copy_champ_bringup
[2.744s] running egg_info
[2.748s] creating champ_bringup.egg-info
[2.748s] writing champ_bringup.egg-info/PKG-INFO
[2.748s] writing dependency_links to champ_bringup.egg-info/dependency_links.txt
[2.748s] writing top-level names to champ_bringup.egg-info/top_level.txt
[2.748s] writing manifest file 'champ_bringup.egg-info/SOURCES.txt'
[2.754s] reading manifest file 'champ_bringup.egg-info/SOURCES.txt'
[2.756s] writing manifest file 'champ_bringup.egg-info/SOURCES.txt'
[2.861s] Built target ament_cmake_python_build_champ_bringup_egg
[2.879s] Invoked command in '/root/yahboomcar_ws/src/build/champ_bringup' returned '0': CMAKE_PREFIX_PATH=${CMAKE_PREFIX_PATH}:/root/yahboomcar_ws/install/yahboom_laser:/root/yahboomcar_ws/install/yahboom_dog_joint_state:/root/yahboomcar_ws/install/yahboom_description:/root/yahboomcar_ws/install/yahboom_bringup:/root/yahboomcar_ws/install/yahboom_base:/root/yahboomcar_ws/install/yahboom_app_save_map:/root/yahboomcar_ws/install/voice_xgo_ctrl_run:/root/yahboomcar_ws/install/tf_publisher:/root/yahboomcar_ws/install/bringup:/opt/ros/humble /usr/bin/cmake --build /root/yahboomcar_ws/src/build/champ_bringup -- -j4 -l4
[2.948s] Invoking command in '/root/yahboomcar_ws/src/build/champ_bringup': CMAKE_PREFIX_PATH=${CMAKE_PREFIX_PATH}:/root/yahboomcar_ws/install/yahboom_laser:/root/yahboomcar_ws/install/yahboom_dog_joint_state:/root/yahboomcar_ws/install/yahboom_description:/root/yahboomcar_ws/install/yahboom_bringup:/root/yahboomcar_ws/install/yahboom_base:/root/yahboomcar_ws/install/yahboom_app_save_map:/root/yahboomcar_ws/install/voice_xgo_ctrl_run:/root/yahboomcar_ws/install/tf_publisher:/root/yahboomcar_ws/install/bringup:/opt/ros/humble /usr/bin/cmake --install /root/yahboomcar_ws/src/build/champ_bringup
[2.974s] -- Install configuration: ""
[2.974s] -- Installing: /root/yahboomcar_ws/src/install/champ_bringup/share/champ_bringup/launch
[2.974s] -- Installing: /root/yahboomcar_ws/src/install/champ_bringup/share/champ_bringup/launch/include
[2.974s] -- Installing: /root/yahboomcar_ws/src/install/champ_bringup/share/champ_bringup/launch/include/laser
[2.974s] -- Installing: /root/yahboomcar_ws/src/install/champ_bringup/share/champ_bringup/launch/include/laser/realsense.launch
[2.975s] -- Installing: /root/yahboomcar_ws/src/install/champ_bringup/share/champ_bringup/launch/include/laser/hokuyo.launch
[2.975s] -- Installing: /root/yahboomcar_ws/src/install/champ_bringup/share/champ_bringup/launch/include/laser/rplidar.launch
[2.975s] -- Installing: /root/yahboomcar_ws/src/install/champ_bringup/share/champ_bringup/launch/include/laser/d435.launch
[2.976s] -- Installing: /root/yahboomcar_ws/src/install/champ_bringup/share/champ_bringup/launch/include/laser/sweep.launch
[2.976s] -- Installing: /root/yahboomcar_ws/src/install/champ_bringup/share/champ_bringup/launch/include/laser/sim.launch
[2.976s] -- Installing: /root/yahboomcar_ws/src/install/champ_bringup/share/champ_bringup/launch/include/laser/lms1xx.launch
[2.976s] -- Installing: /root/yahboomcar_ws/src/install/champ_bringup/share/champ_bringup/launch/include/laser/xv11.launch
[2.977s] -- Installing: /root/yahboomcar_ws/src/install/champ_bringup/share/champ_bringup/launch/include/laser/ydlidar.launch
[2.977s] -- Installing: /root/yahboomcar_ws/src/install/champ_bringup/share/champ_bringup/launch/include/laser/kinect.launch
[2.977s] -- Installing: /root/yahboomcar_ws/src/install/champ_bringup/share/champ_bringup/launch/include/velocity_smoother.launch
[2.977s] -- Installing: /root/yahboomcar_ws/src/install/champ_bringup/share/champ_bringup/launch/joints_gui.launch.py
[2.978s] -- Installing: /root/yahboomcar_ws/src/install/champ_bringup/share/champ_bringup/launch/bringup.launch.py
[2.978s] -- Installing: /root/yahboomcar_ws/src/install/champ_bringup/share/champ_bringup/launch/joints_gui.launch
[2.978s] -- Installing: /root/yahboomcar_ws/src/install/champ_bringup/share/champ_bringup/launch/bringup.launch
[2.979s] -- Installing: /root/yahboomcar_ws/src/install/champ_bringup/share/champ_bringup/environment/pythonpath.sh
[2.980s] -- Installing: /root/yahboomcar_ws/src/install/champ_bringup/share/champ_bringup/environment/pythonpath.dsv
[2.980s] -- Installing: /root/yahboomcar_ws/src/install/champ_bringup/local/lib/python3.10/dist-packages/champ_bringup-0.1.0-py3.10.egg-info
[2.980s] -- Installing: /root/yahboomcar_ws/src/install/champ_bringup/local/lib/python3.10/dist-packages/champ_bringup-0.1.0-py3.10.egg-info/top_level.txt
[2.981s] -- Installing: /root/yahboomcar_ws/src/install/champ_bringup/local/lib/python3.10/dist-packages/champ_bringup-0.1.0-py3.10.egg-info/PKG-INFO
[2.984s] -- Installing: /root/yahboomcar_ws/src/install/champ_bringup/local/lib/python3.10/dist-packages/champ_bringup-0.1.0-py3.10.egg-info/dependency_links.txt
[2.985s] -- Installing: /root/yahboomcar_ws/src/install/champ_bringup/local/lib/python3.10/dist-packages/champ_bringup-0.1.0-py3.10.egg-info/SOURCES.txt
[2.985s] -- Installing: /root/yahboomcar_ws/src/install/champ_bringup/local/lib/python3.10/dist-packages/champ_bringup
[2.985s] -- Installing: /root/yahboomcar_ws/src/install/champ_bringup/local/lib/python3.10/dist-packages/champ_bringup/__init__.py
[2.985s] -- Installing: /root/yahboomcar_ws/src/install/champ_bringup/local/lib/python3.10/dist-packages/champ_bringup/joint_calibrator_relay.py
[3.059s] Listing '/root/yahboomcar_ws/src/install/champ_bringup/local/lib/python3.10/dist-packages/champ_bringup'...
[3.059s] Compiling '/root/yahboomcar_ws/src/install/champ_bringup/local/lib/python3.10/dist-packages/champ_bringup/__init__.py'...
[3.059s] Compiling '/root/yahboomcar_ws/src/install/champ_bringup/local/lib/python3.10/dist-packages/champ_bringup/joint_calibrator_relay.py'...
[3.076s] -- Installing: /root/yahboomcar_ws/src/install/champ_bringup/lib/champ_bringup/joint_calibrator_relay.py
[3.081s] -- Installing: /root/yahboomcar_ws/src/install/champ_bringup/share/ament_index/resource_index/package_run_dependencies/champ_bringup
[3.081s] -- Installing: /root/yahboomcar_ws/src/install/champ_bringup/share/ament_index/resource_index/parent_prefix_path/champ_bringup
[3.081s] -- Installing: /root/yahboomcar_ws/src/install/champ_bringup/share/champ_bringup/environment/ament_prefix_path.sh
[3.082s] -- Installing: /root/yahboomcar_ws/src/install/champ_bringup/share/champ_bringup/environment/ament_prefix_path.dsv
[3.082s] -- Installing: /root/yahboomcar_ws/src/install/champ_bringup/share/champ_bringup/environment/path.sh
[3.082s] -- Installing: /root/yahboomcar_ws/src/install/champ_bringup/share/champ_bringup/environment/path.dsv
[3.082s] -- Installing: /root/yahboomcar_ws/src/install/champ_bringup/share/champ_bringup/local_setup.bash
[3.082s] -- Installing: /root/yahboomcar_ws/src/install/champ_bringup/share/champ_bringup/local_setup.sh
[3.082s] -- Installing: /root/yahboomcar_ws/src/install/champ_bringup/share/champ_bringup/local_setup.zsh
[3.082s] -- Installing: /root/yahboomcar_ws/src/install/champ_bringup/share/champ_bringup/local_setup.dsv
[3.082s] -- Installing: /root/yahboomcar_ws/src/install/champ_bringup/share/champ_bringup/package.dsv
[3.082s] -- Installing: /root/yahboomcar_ws/src/install/champ_bringup/share/ament_index/resource_index/packages/champ_bringup
[3.083s] -- Installing: /root/yahboomcar_ws/src/install/champ_bringup/share/champ_bringup/cmake/champ_bringupConfig.cmake
[3.083s] -- Installing: /root/yahboomcar_ws/src/install/champ_bringup/share/champ_bringup/cmake/champ_bringupConfig-version.cmake
[3.083s] -- Installing: /root/yahboomcar_ws/src/install/champ_bringup/share/champ_bringup/package.xml
[3.084s] Invoked command in '/root/yahboomcar_ws/src/build/champ_bringup' returned '0': CMAKE_PREFIX_PATH=${CMAKE_PREFIX_PATH}:/root/yahboomcar_ws/install/yahboom_laser:/root/yahboomcar_ws/install/yahboom_dog_joint_state:/root/yahboomcar_ws/install/yahboom_description:/root/yahboomcar_ws/install/yahboom_bringup:/root/yahboomcar_ws/install/yahboom_base:/root/yahboomcar_ws/install/yahboom_app_save_map:/root/yahboomcar_ws/install/voice_xgo_ctrl_run:/root/yahboomcar_ws/install/tf_publisher:/root/yahboomcar_ws/install/bringup:/opt/ros/humble /usr/bin/cmake --install /root/yahboomcar_ws/src/build/champ_bringup
