running egg_info
creating ../build/yahboom_description/yahboom_description.egg-info
writing ../build/yahboom_description/yahboom_description.egg-info/PKG-INFO
writing dependency_links to ../build/yahboom_description/yahboom_description.egg-info/dependency_links.txt
writing entry points to ../build/yahboom_description/yahboom_description.egg-info/entry_points.txt
writing requirements to ../build/yahboom_description/yahboom_description.egg-info/requires.txt
writing top-level names to ../build/yahboom_description/yahboom_description.egg-info/top_level.txt
writing manifest file '../build/yahboom_description/yahboom_description.egg-info/SOURCES.txt'
reading manifest file '../build/yahboom_description/yahboom_description.egg-info/SOURCES.txt'
writing manifest file '../build/yahboom_description/yahboom_description.egg-info/SOURCES.txt'
running build
running build_py
creating /root/yahboomcar_ws/src/build/yahboom_description/build
creating /root/yahboomcar_ws/src/build/yahboom_description/build/lib
creating /root/yahboomcar_ws/src/build/yahboom_description/build/lib/yahboom_description
copying yahboom_description/yahboom_urdf.launch.py -> /root/yahboomcar_ws/src/build/yahboom_description/build/lib/yahboom_description
copying yahboom_description/__init__.py -> /root/yahboomcar_ws/src/build/yahboom_description/build/lib/yahboom_description
running install
running install_lib
creating /root/yahboomcar_ws/src/install/yahboom_description/lib/python3.10/site-packages/yahboom_description
copying /root/yahboomcar_ws/src/build/yahboom_description/build/lib/yahboom_description/yahboom_urdf.launch.py -> /root/yahboomcar_ws/src/install/yahboom_description/lib/python3.10/site-packages/yahboom_description
copying /root/yahboomcar_ws/src/build/yahboom_description/build/lib/yahboom_description/__init__.py -> /root/yahboomcar_ws/src/install/yahboom_description/lib/python3.10/site-packages/yahboom_description
byte-compiling /root/yahboomcar_ws/src/install/yahboom_description/lib/python3.10/site-packages/yahboom_description/yahboom_urdf.launch.py to yahboom_urdf.launch.cpython-310.pyc
byte-compiling /root/yahboomcar_ws/src/install/yahboom_description/lib/python3.10/site-packages/yahboom_description/__init__.py to __init__.cpython-310.pyc
running install_data
creating /root/yahboomcar_ws/src/install/yahboom_description/share/ament_index
creating /root/yahboomcar_ws/src/install/yahboom_description/share/ament_index/resource_index
creating /root/yahboomcar_ws/src/install/yahboom_description/share/ament_index/resource_index/packages
copying resource/yahboom_description -> /root/yahboomcar_ws/src/install/yahboom_description/share/ament_index/resource_index/packages
copying package.xml -> /root/yahboomcar_ws/src/install/yahboom_description/share/yahboom_description
creating /root/yahboomcar_ws/src/install/yahboom_description/share/yahboom_description/urdf
copying urdf/yahboom_xgo_rviz.xacro -> /root/yahboomcar_ws/src/install/yahboom_description/share/yahboom_description/urdf
copying launch/yahboom_urdf.launch.py -> /root/yahboomcar_ws/src/install/yahboom_description/share/yahboom_description
creating /root/yahboomcar_ws/src/install/yahboom_description/share/yahboom_description/meshes
creating /root/yahboomcar_ws/src/install/yahboom_description/share/yahboom_description/meshes/XGO
copying meshes/XGO/base_link.STL -> /root/yahboomcar_ws/src/install/yahboom_description/share/yahboom_description/meshes/XGO/
copying meshes/XGO/camera_link.STL -> /root/yahboomcar_ws/src/install/yahboom_description/share/yahboom_description/meshes/XGO/
copying meshes/XGO/laser_link.STL -> /root/yahboomcar_ws/src/install/yahboom_description/share/yahboom_description/meshes/XGO/
copying meshes/XGO/lf_hip_link.STL -> /root/yahboomcar_ws/src/install/yahboom_description/share/yahboom_description/meshes/XGO/
copying meshes/XGO/lf_lower_leg_link.STL -> /root/yahboomcar_ws/src/install/yahboom_description/share/yahboom_description/meshes/XGO/
copying meshes/XGO/lf_upper_leg_link.STL -> /root/yahboomcar_ws/src/install/yahboom_description/share/yahboom_description/meshes/XGO/
copying meshes/XGO/lh_hip_link.STL -> /root/yahboomcar_ws/src/install/yahboom_description/share/yahboom_description/meshes/XGO/
copying meshes/XGO/lh_lower_leg_link.STL -> /root/yahboomcar_ws/src/install/yahboom_description/share/yahboom_description/meshes/XGO/
copying meshes/XGO/lh_upper_leg_link.STL -> /root/yahboomcar_ws/src/install/yahboom_description/share/yahboom_description/meshes/XGO/
copying meshes/XGO/rf_hip_link.STL -> /root/yahboomcar_ws/src/install/yahboom_description/share/yahboom_description/meshes/XGO/
copying meshes/XGO/rf_lower_leg_link.STL -> /root/yahboomcar_ws/src/install/yahboom_description/share/yahboom_description/meshes/XGO/
copying meshes/XGO/rf_upper_leg_link.STL -> /root/yahboomcar_ws/src/install/yahboom_description/share/yahboom_description/meshes/XGO/
copying meshes/XGO/rh_hip_link.STL -> /root/yahboomcar_ws/src/install/yahboom_description/share/yahboom_description/meshes/XGO/
copying meshes/XGO/rh_lower_leg_link.STL -> /root/yahboomcar_ws/src/install/yahboom_description/share/yahboom_description/meshes/XGO/
copying meshes/XGO/rh_upper_leg_link.STL -> /root/yahboomcar_ws/src/install/yahboom_description/share/yahboom_description/meshes/XGO/
running install_egg_info
Copying ../build/yahboom_description/yahboom_description.egg-info to /root/yahboomcar_ws/src/install/yahboom_description/lib/python3.10/site-packages/yahboom_description-0.0.0-py3.10.egg-info
running install_scripts
writing list of installed files to '/root/yahboomcar_ws/src/build/yahboom_description/install.log'
