[3.161s] Invoking command in '/root/yahboomcar_ws/src/yahboom_description': PYTHONPATH=/root/yahboomcar_ws/src/build/yahboom_description/prefix_override:/root/yahboomcar_ws/src/install/yahboom_description/lib/python3.10/site-packages:${PYTHONPATH} /usr/bin/python3 -W ignore:setup.py install is deprecated setup.py egg_info --egg-base ../build/yahboom_description build --build-base /root/yahboomcar_ws/src/build/yahboom_description/build install --record /root/yahboomcar_ws/src/build/yahboom_description/install.log --single-version-externally-managed install_data
[4.298s] running egg_info
[4.311s] creating ../build/yahboom_description/yahboom_description.egg-info
[4.311s] writing ../build/yahboom_description/yahboom_description.egg-info/PKG-INFO
[4.311s] writing dependency_links to ../build/yahboom_description/yahboom_description.egg-info/dependency_links.txt
[4.311s] writing entry points to ../build/yahboom_description/yahboom_description.egg-info/entry_points.txt
[4.311s] writing requirements to ../build/yahboom_description/yahboom_description.egg-info/requires.txt
[4.311s] writing top-level names to ../build/yahboom_description/yahboom_description.egg-info/top_level.txt
[4.311s] writing manifest file '../build/yahboom_description/yahboom_description.egg-info/SOURCES.txt'
[4.323s] reading manifest file '../build/yahboom_description/yahboom_description.egg-info/SOURCES.txt'
[4.327s] writing manifest file '../build/yahboom_description/yahboom_description.egg-info/SOURCES.txt'
[4.327s] running build
[4.327s] running build_py
[4.327s] creating /root/yahboomcar_ws/src/build/yahboom_description/build
[4.327s] creating /root/yahboomcar_ws/src/build/yahboom_description/build/lib
[4.327s] creating /root/yahboomcar_ws/src/build/yahboom_description/build/lib/yahboom_description
[4.327s] copying yahboom_description/yahboom_urdf.launch.py -> /root/yahboomcar_ws/src/build/yahboom_description/build/lib/yahboom_description
[4.328s] copying yahboom_description/__init__.py -> /root/yahboomcar_ws/src/build/yahboom_description/build/lib/yahboom_description
[4.328s] running install
[4.332s] running install_lib
[4.333s] creating /root/yahboomcar_ws/src/install/yahboom_description/lib/python3.10/site-packages/yahboom_description
[4.335s] copying /root/yahboomcar_ws/src/build/yahboom_description/build/lib/yahboom_description/yahboom_urdf.launch.py -> /root/yahboomcar_ws/src/install/yahboom_description/lib/python3.10/site-packages/yahboom_description
[4.337s] copying /root/yahboomcar_ws/src/build/yahboom_description/build/lib/yahboom_description/__init__.py -> /root/yahboomcar_ws/src/install/yahboom_description/lib/python3.10/site-packages/yahboom_description
[4.337s] byte-compiling /root/yahboomcar_ws/src/install/yahboom_description/lib/python3.10/site-packages/yahboom_description/yahboom_urdf.launch.py to yahboom_urdf.launch.cpython-310.pyc
[4.346s] byte-compiling /root/yahboomcar_ws/src/install/yahboom_description/lib/python3.10/site-packages/yahboom_description/__init__.py to __init__.cpython-310.pyc
[4.346s] running install_data
[4.346s] creating /root/yahboomcar_ws/src/install/yahboom_description/share/ament_index
[4.346s] creating /root/yahboomcar_ws/src/install/yahboom_description/share/ament_index/resource_index
[4.346s] creating /root/yahboomcar_ws/src/install/yahboom_description/share/ament_index/resource_index/packages
[4.346s] copying resource/yahboom_description -> /root/yahboomcar_ws/src/install/yahboom_description/share/ament_index/resource_index/packages
[4.346s] copying package.xml -> /root/yahboomcar_ws/src/install/yahboom_description/share/yahboom_description
[4.346s] creating /root/yahboomcar_ws/src/install/yahboom_description/share/yahboom_description/urdf
[4.347s] copying urdf/yahboom_xgo_rviz.xacro -> /root/yahboomcar_ws/src/install/yahboom_description/share/yahboom_description/urdf
[4.351s] copying launch/yahboom_urdf.launch.py -> /root/yahboomcar_ws/src/install/yahboom_description/share/yahboom_description
[4.351s] creating /root/yahboomcar_ws/src/install/yahboom_description/share/yahboom_description/meshes
[4.351s] creating /root/yahboomcar_ws/src/install/yahboom_description/share/yahboom_description/meshes/XGO
[4.352s] copying meshes/XGO/base_link.STL -> /root/yahboomcar_ws/src/install/yahboom_description/share/yahboom_description/meshes/XGO/
[4.358s] copying meshes/XGO/camera_link.STL -> /root/yahboomcar_ws/src/install/yahboom_description/share/yahboom_description/meshes/XGO/
[4.360s] copying meshes/XGO/laser_link.STL -> /root/yahboomcar_ws/src/install/yahboom_description/share/yahboom_description/meshes/XGO/
[4.403s] copying meshes/XGO/lf_hip_link.STL -> /root/yahboomcar_ws/src/install/yahboom_description/share/yahboom_description/meshes/XGO/
[4.410s] copying meshes/XGO/lf_lower_leg_link.STL -> /root/yahboomcar_ws/src/install/yahboom_description/share/yahboom_description/meshes/XGO/
[4.415s] copying meshes/XGO/lf_upper_leg_link.STL -> /root/yahboomcar_ws/src/install/yahboom_description/share/yahboom_description/meshes/XGO/
[4.416s] copying meshes/XGO/lh_hip_link.STL -> /root/yahboomcar_ws/src/install/yahboom_description/share/yahboom_description/meshes/XGO/
[4.423s] copying meshes/XGO/lh_lower_leg_link.STL -> /root/yahboomcar_ws/src/install/yahboom_description/share/yahboom_description/meshes/XGO/
[4.429s] copying meshes/XGO/lh_upper_leg_link.STL -> /root/yahboomcar_ws/src/install/yahboom_description/share/yahboom_description/meshes/XGO/
[4.430s] copying meshes/XGO/rf_hip_link.STL -> /root/yahboomcar_ws/src/install/yahboom_description/share/yahboom_description/meshes/XGO/
[4.433s] copying meshes/XGO/rf_lower_leg_link.STL -> /root/yahboomcar_ws/src/install/yahboom_description/share/yahboom_description/meshes/XGO/
[4.437s] copying meshes/XGO/rf_upper_leg_link.STL -> /root/yahboomcar_ws/src/install/yahboom_description/share/yahboom_description/meshes/XGO/
[4.439s] copying meshes/XGO/rh_hip_link.STL -> /root/yahboomcar_ws/src/install/yahboom_description/share/yahboom_description/meshes/XGO/
[4.445s] copying meshes/XGO/rh_lower_leg_link.STL -> /root/yahboomcar_ws/src/install/yahboom_description/share/yahboom_description/meshes/XGO/
[4.451s] copying meshes/XGO/rh_upper_leg_link.STL -> /root/yahboomcar_ws/src/install/yahboom_description/share/yahboom_description/meshes/XGO/
[4.451s] running install_egg_info
[4.455s] Copying ../build/yahboom_description/yahboom_description.egg-info to /root/yahboomcar_ws/src/install/yahboom_description/lib/python3.10/site-packages/yahboom_description-0.0.0-py3.10.egg-info
[4.459s] running install_scripts
[4.557s] writing list of installed files to '/root/yahboomcar_ws/src/build/yahboom_description/install.log'
[4.779s] Invoked command in '/root/yahboomcar_ws/src/yahboom_description' returned '0': PYTHONPATH=/root/yahboomcar_ws/src/build/yahboom_description/prefix_override:/root/yahboomcar_ws/src/install/yahboom_description/lib/python3.10/site-packages:${PYTHONPATH} /usr/bin/python3 -W ignore:setup.py install is deprecated setup.py egg_info --egg-base ../build/yahboom_description build --build-base /root/yahboomcar_ws/src/build/yahboom_description/build install --record /root/yahboomcar_ws/src/build/yahboom_description/install.log --single-version-externally-managed install_data
